{"C:\\react-microcoin\\setupTests.js":{"path":"C:\\react-microcoin\\setupTests.js","statementMap":{"0":{"start":{"line":3,"column":14},"end":{"line":3,"column":31}},"1":{"start":{"line":4,"column":26},"end":{"line":4,"column":84}},"2":{"start":{"line":5,"column":39},"end":{"line":5,"column":93}},"3":{"start":{"line":6,"column":0},"end":{"line":8,"column":3}}},"fnMap":{"0":{"name":"_interopRequireDefault","decl":{"start":{"line":5,"column":9},"end":{"line":5,"column":31}},"loc":{"start":{"line":5,"column":37},"end":{"line":5,"column":95}},"line":5}},"branchMap":{"0":{"loc":{"start":{"line":5,"column":46},"end":{"line":5,"column":92}},"type":"cond-expr","locations":[{"start":{"line":5,"column":70},"end":{"line":5,"column":73}},{"start":{"line":5,"column":76},"end":{"line":5,"column":92}}],"line":5},"1":{"loc":{"start":{"line":5,"column":46},"end":{"line":5,"column":67}},"type":"binary-expr","locations":[{"start":{"line":5,"column":46},"end":{"line":5,"column":49}},{"start":{"line":5,"column":53},"end":{"line":5,"column":67}}],"line":5}},"s":{"0":1,"1":1,"2":1,"3":1},"f":{"0":1},"b":{"0":[0,1],"1":[1,1]},"inputSourceMap":{"version":3,"names":["_enzyme","require","_enzymeAdapterReact","_interopRequireDefault","obj","__esModule","default","configure","adapter","Adapter"],"sourceRoot":"C:\\react-microcoin\\","sources":["setupTests.js"],"sourcesContent":["import { configure } from 'enzyme';\nimport Adapter from 'enzyme-adapter-react-16';\n\nconfigure({ adapter: new Adapter() });\n"],"mappings":";;AAAA,IAAAA,OAAA,GAAAC,OAAA;AACA,IAAAC,mBAAA,GAAAC,sBAAA,CAAAF,OAAA;AAA8C,SAAAE,uBAAAC,GAAA,WAAAA,GAAA,IAAAA,GAAA,CAAAC,UAAA,GAAAD,GAAA,KAAAE,OAAA,EAAAF,GAAA;AAE9C,IAAAG,iBAAS,EAAC;EAAEC,OAAO,EAAE,IAAIC,2BAAO,CAAC;AAAE,CAAC,CAAC"},"_coverageSchema":"1a1c01bbd47fc00a2c39e90264f33305004495a9","hash":"143390cb3a8a6cb026270711a8fe72d1b2a493fe","contentHash":"a6b32c92fe4355bad564b46dab5029457e727a1c751a3840935647a0010650bc"},"C:\\react-microcoin\\src\\tests\\Cabinet.spec.js":{"path":"C:\\react-microcoin\\src\\tests\\Cabinet.spec.js","statementMap":{"0":{"start":{"line":3,"column":13},"end":{"line":3,"column":29}},"1":{"start":{"line":4,"column":12},"end":{"line":4,"column":27}},"2":{"start":{"line":5,"column":13},"end":{"line":5,"column":53}},"3":{"start":{"line":6,"column":14},"end":{"line":6,"column":31}},"4":{"start":{"line":7,"column":15},"end":{"line":7,"column":76}},"5":{"start":{"line":8,"column":17},"end":{"line":8,"column":62}},"6":{"start":{"line":9,"column":13},"end":{"line":9,"column":53}},"7":{"start":{"line":10,"column":39},"end":{"line":10,"column":93}},"8":{"start":{"line":11,"column":10},"end":{"line":11,"column":71}},"9":{"start":{"line":12,"column":0},"end":{"line":12,"column":27}},"10":{"start":{"line":13,"column":0},"end":{"line":13,"column":38}},"11":{"start":{"line":14,"column":0},"end":{"line":19,"column":2}},"12":{"start":{"line":20,"column":0},"end":{"line":60,"column":3}},"13":{"start":{"line":22,"column":17},"end":{"line":31,"column":3}},"14":{"start":{"line":32,"column":2},"end":{"line":39,"column":5}},"15":{"start":{"line":33,"column":4},"end":{"line":33,"column":45}},"16":{"start":{"line":34,"column":4},"end":{"line":37,"column":7}},"17":{"start":{"line":38,"column":4},"end":{"line":38,"column":101}},"18":{"start":{"line":40,"column":2},"end":{"line":43,"column":5}},"19":{"start":{"line":41,"column":4},"end":{"line":41,"column":31}},"20":{"start":{"line":42,"column":4},"end":{"line":42,"column":34}},"21":{"start":{"line":44,"column":2},"end":{"line":59,"column":5}},"22":{"start":{"line":45,"column":4},"end":{"line":58,"column":7}},"23":{"start":{"line":46,"column":6},"end":{"line":57,"column":9}},"24":{"start":{"line":47,"column":8},"end":{"line":47,"column":25}},"25":{"start":{"line":48,"column":8},"end":{"line":48,"column":101}},"26":{"start":{"line":49,"column":8},"end":{"line":49,"column":109}},"27":{"start":{"line":50,"column":8},"end":{"line":50,"column":121}},"28":{"start":{"line":51,"column":8},"end":{"line":51,"column":113}},"29":{"start":{"line":52,"column":8},"end":{"line":52,"column":117}},"30":{"start":{"line":53,"column":8},"end":{"line":53,"column":119}},"31":{"start":{"line":54,"column":8},"end":{"line":54,"column":101}},"32":{"start":{"line":55,"column":8},"end":{"line":55,"column":115}},"33":{"start":{"line":56,"column":8},"end":{"line":56,"column":18}}},"fnMap":{"0":{"name":"_interopRequireDefault","decl":{"start":{"line":10,"column":9},"end":{"line":10,"column":31}},"loc":{"start":{"line":10,"column":37},"end":{"line":10,"column":95}},"line":10},"1":{"name":"(anonymous_1)","decl":{"start":{"line":20,"column":24},"end":{"line":20,"column":25}},"loc":{"start":{"line":20,"column":36},"end":{"line":60,"column":1}},"line":20},"2":{"name":"(anonymous_2)","decl":{"start":{"line":32,"column":13},"end":{"line":32,"column":14}},"loc":{"start":{"line":32,"column":25},"end":{"line":39,"column":3}},"line":32},"3":{"name":"(anonymous_3)","decl":{"start":{"line":40,"column":12},"end":{"line":40,"column":13}},"loc":{"start":{"line":40,"column":24},"end":{"line":43,"column":3}},"line":40},"4":{"name":"(anonymous_4)","decl":{"start":{"line":44,"column":36},"end":{"line":44,"column":37}},"loc":{"start":{"line":44,"column":48},"end":{"line":59,"column":3}},"line":44},"5":{"name":"(anonymous_5)","decl":{"start":{"line":45,"column":23},"end":{"line":45,"column":24}},"loc":{"start":{"line":45,"column":42},"end":{"line":58,"column":5}},"line":45},"6":{"name":"(anonymous_6)","decl":{"start":{"line":46,"column":19},"end":{"line":46,"column":20}},"loc":{"start":{"line":46,"column":31},"end":{"line":57,"column":7}},"line":46}},"branchMap":{"0":{"loc":{"start":{"line":10,"column":46},"end":{"line":10,"column":92}},"type":"cond-expr","locations":[{"start":{"line":10,"column":70},"end":{"line":10,"column":73}},{"start":{"line":10,"column":76},"end":{"line":10,"column":92}}],"line":10},"1":{"loc":{"start":{"line":10,"column":46},"end":{"line":10,"column":67}},"type":"binary-expr","locations":[{"start":{"line":10,"column":46},"end":{"line":10,"column":49}},{"start":{"line":10,"column":53},"end":{"line":10,"column":67}}],"line":10}},"s":{"0":1,"1":1,"2":1,"3":1,"4":1,"5":1,"6":1,"7":4,"8":1,"9":1,"10":1,"11":1,"12":1,"13":1,"14":1,"15":1,"16":1,"17":1,"18":1,"19":1,"20":1,"21":1,"22":1,"23":1,"24":1,"25":1,"26":1,"27":1,"28":1,"29":1,"30":1,"31":1,"32":1,"33":1},"f":{"0":4,"1":1,"2":1,"3":1,"4":1,"5":1,"6":1},"b":{"0":[1,3],"1":[4,4]},"inputSourceMap":{"version":3,"names":["_jsdom","require","_chai","_react","_interopRequireDefault","_enzyme","_Cabinet","_fetchMock","_sinon","obj","__esModule","default","dom","JSDOM","global","window","document","localStorage","getItem","sinon","stub","setItem","removeItem","clear","describe","wrapper","fakeUser","login","full_name","passport_number","card_number","date_of_birth","credit_history","email","phone_number","beforeEach","returns","fetchMock","get","body","status","mount","createElement","afterEach","reset","resetHistory","it","Promise","resolve","setImmediate","update","expect","find","at","text","to","equal","concat"],"sourceRoot":"C:\\react-microcoin\\src\\tests\\","sources":["Cabinet.spec.js"],"sourcesContent":["import { JSDOM } from 'jsdom';\r\nimport { expect } from 'chai';\r\nimport React from 'react';\r\nimport { mount } from 'enzyme';\r\nimport Cabinet from '../components/User/Cabinet';\r\nimport fetchMock from 'fetch-mock';\r\nimport sinon from 'sinon';\r\n\r\nconst dom = new JSDOM('<!doctype html><html><body></body></html>');\r\nglobal.window = dom.window;\r\nglobal.document = dom.window.document;\r\nglobal.localStorage = {\r\n  getItem: sinon.stub(),\r\n  setItem: sinon.stub(),\r\n  removeItem: sinon.stub(),\r\n  clear: sinon.stub(),\r\n};\r\n\r\ndescribe('<Cabinet />', () => {\r\n  let wrapper;\r\n  const fakeUser = {\r\n    login: 'testUser',\r\n    full_name: 'Test User',\r\n    passport_number: '123456',\r\n    card_number: '1234567890',\r\n    date_of_birth: '1990-01-01',\r\n    credit_history: 'Good',\r\n    email: 'test@example.com',\r\n    phone_number: '+123456789',\r\n  };\r\n\r\n  beforeEach(() => {\r\n    global.localStorage.getItem.returns('1');\r\n    fetchMock.get(`http://127.0.0.1:5000/user/1`, {\r\n      body: fakeUser,\r\n      status: 200,\r\n    });\r\n    wrapper = mount(<Cabinet />);\r\n  });\r\n\r\n  afterEach(() => {\r\n    fetchMock.reset();\r\n    sinon.resetHistory();\r\n  });\r\n\r\n  it('renders user data correctly', () => {\r\n    return new Promise((resolve) => {\r\n      setImmediate(() => {\r\n        wrapper.update();\r\n        expect(wrapper.find('p').at(0).text()).to.equal(`Login: ${fakeUser.login}`);\r\n        expect(wrapper.find('p').at(1).text()).to.equal(`Full Name: ${fakeUser.full_name}`);\r\n        expect(wrapper.find('p').at(2).text()).to.equal(`Passport Number: ${fakeUser.passport_number}`);\r\n        expect(wrapper.find('p').at(3).text()).to.equal(`Card Number: ${fakeUser.card_number}`);\r\n        expect(wrapper.find('p').at(4).text()).to.equal(`Date Of Birth: ${fakeUser.date_of_birth}`);\r\n        expect(wrapper.find('p').at(5).text()).to.equal(`Credit History: ${fakeUser.credit_history}`);\r\n        expect(wrapper.find('p').at(6).text()).to.equal(`Email: ${fakeUser.email}`);\r\n        expect(wrapper.find('p').at(7).text()).to.equal(`Phone Number: ${fakeUser.phone_number}`);\r\n        resolve();\r\n      });\r\n    });\r\n  });\r\n\r\n});\r\n"],"mappings":";;AAAA,IAAAA,MAAA,GAAAC,OAAA;AACA,IAAAC,KAAA,GAAAD,OAAA;AACA,IAAAE,MAAA,GAAAC,sBAAA,CAAAH,OAAA;AACA,IAAAI,OAAA,GAAAJ,OAAA;AACA,IAAAK,QAAA,GAAAF,sBAAA,CAAAH,OAAA;AACA,IAAAM,UAAA,GAAAH,sBAAA,CAAAH,OAAA;AACA,IAAAO,MAAA,GAAAJ,sBAAA,CAAAH,OAAA;AAA0B,SAAAG,uBAAAK,GAAA,WAAAA,GAAA,IAAAA,GAAA,CAAAC,UAAA,GAAAD,GAAA,KAAAE,OAAA,EAAAF,GAAA;AAE1B,IAAMG,GAAG,GAAG,IAAIC,YAAK,CAAC,2CAA2C,CAAC;AAClEC,MAAM,CAACC,MAAM,GAAGH,GAAG,CAACG,MAAM;AAC1BD,MAAM,CAACE,QAAQ,GAAGJ,GAAG,CAACG,MAAM,CAACC,QAAQ;AACrCF,MAAM,CAACG,YAAY,GAAG;EACpBC,OAAO,EAAEC,cAAK,CAACC,IAAI,CAAC,CAAC;EACrBC,OAAO,EAAEF,cAAK,CAACC,IAAI,CAAC,CAAC;EACrBE,UAAU,EAAEH,cAAK,CAACC,IAAI,CAAC,CAAC;EACxBG,KAAK,EAAEJ,cAAK,CAACC,IAAI,CAAC;AACpB,CAAC;AAEDI,QAAQ,CAAC,aAAa,EAAE,YAAM;EAC5B,IAAIC,OAAO;EACX,IAAMC,QAAQ,GAAG;IACfC,KAAK,EAAE,UAAU;IACjBC,SAAS,EAAE,WAAW;IACtBC,eAAe,EAAE,QAAQ;IACzBC,WAAW,EAAE,YAAY;IACzBC,aAAa,EAAE,YAAY;IAC3BC,cAAc,EAAE,MAAM;IACtBC,KAAK,EAAE,kBAAkB;IACzBC,YAAY,EAAE;EAChB,CAAC;EAEDC,UAAU,CAAC,YAAM;IACfrB,MAAM,CAACG,YAAY,CAACC,OAAO,CAACkB,OAAO,CAAC,GAAG,CAAC;IACxCC,kBAAS,CAACC,GAAG,iCAAiC;MAC5CC,IAAI,EAAEb,QAAQ;MACdc,MAAM,EAAE;IACV,CAAC,CAAC;IACFf,OAAO,GAAG,IAAAgB,aAAK,gBAACtC,MAAA,CAAAQ,OAAA,CAAA+B,aAAA,CAACpC,QAAA,CAAAK,OAAO,MAAE,CAAC,CAAC;EAC9B,CAAC,CAAC;EAEFgC,SAAS,CAAC,YAAM;IACdN,kBAAS,CAACO,KAAK,CAAC,CAAC;IACjBzB,cAAK,CAAC0B,YAAY,CAAC,CAAC;EACtB,CAAC,CAAC;EAEFC,EAAE,CAAC,6BAA6B,EAAE,YAAM;IACtC,OAAO,IAAIC,OAAO,CAAC,UAACC,OAAO,EAAK;MAC9BC,YAAY,CAAC,YAAM;QACjBxB,OAAO,CAACyB,MAAM,CAAC,CAAC;QAChB,IAAAC,YAAM,EAAC1B,OAAO,CAAC2B,IAAI,CAAC,GAAG,CAAC,CAACC,EAAE,CAAC,CAAC,CAAC,CAACC,IAAI,CAAC,CAAC,CAAC,CAACC,EAAE,CAACC,KAAK,WAAAC,MAAA,CAAW/B,QAAQ,CAACC,KAAK,CAAE,CAAC;QAC3E,IAAAwB,YAAM,EAAC1B,OAAO,CAAC2B,IAAI,CAAC,GAAG,CAAC,CAACC,EAAE,CAAC,CAAC,CAAC,CAACC,IAAI,CAAC,CAAC,CAAC,CAACC,EAAE,CAACC,KAAK,eAAAC,MAAA,CAAe/B,QAAQ,CAACE,SAAS,CAAE,CAAC;QACnF,IAAAuB,YAAM,EAAC1B,OAAO,CAAC2B,IAAI,CAAC,GAAG,CAAC,CAACC,EAAE,CAAC,CAAC,CAAC,CAACC,IAAI,CAAC,CAAC,CAAC,CAACC,EAAE,CAACC,KAAK,qBAAAC,MAAA,CAAqB/B,QAAQ,CAACG,eAAe,CAAE,CAAC;QAC/F,IAAAsB,YAAM,EAAC1B,OAAO,CAAC2B,IAAI,CAAC,GAAG,CAAC,CAACC,EAAE,CAAC,CAAC,CAAC,CAACC,IAAI,CAAC,CAAC,CAAC,CAACC,EAAE,CAACC,KAAK,iBAAAC,MAAA,CAAiB/B,QAAQ,CAACI,WAAW,CAAE,CAAC;QACvF,IAAAqB,YAAM,EAAC1B,OAAO,CAAC2B,IAAI,CAAC,GAAG,CAAC,CAACC,EAAE,CAAC,CAAC,CAAC,CAACC,IAAI,CAAC,CAAC,CAAC,CAACC,EAAE,CAACC,KAAK,mBAAAC,MAAA,CAAmB/B,QAAQ,CAACK,aAAa,CAAE,CAAC;QAC3F,IAAAoB,YAAM,EAAC1B,OAAO,CAAC2B,IAAI,CAAC,GAAG,CAAC,CAACC,EAAE,CAAC,CAAC,CAAC,CAACC,IAAI,CAAC,CAAC,CAAC,CAACC,EAAE,CAACC,KAAK,oBAAAC,MAAA,CAAoB/B,QAAQ,CAACM,cAAc,CAAE,CAAC;QAC7F,IAAAmB,YAAM,EAAC1B,OAAO,CAAC2B,IAAI,CAAC,GAAG,CAAC,CAACC,EAAE,CAAC,CAAC,CAAC,CAACC,IAAI,CAAC,CAAC,CAAC,CAACC,EAAE,CAACC,KAAK,WAAAC,MAAA,CAAW/B,QAAQ,CAACO,KAAK,CAAE,CAAC;QAC3E,IAAAkB,YAAM,EAAC1B,OAAO,CAAC2B,IAAI,CAAC,GAAG,CAAC,CAACC,EAAE,CAAC,CAAC,CAAC,CAACC,IAAI,CAAC,CAAC,CAAC,CAACC,EAAE,CAACC,KAAK,kBAAAC,MAAA,CAAkB/B,QAAQ,CAACQ,YAAY,CAAE,CAAC;QACzFc,OAAO,CAAC,CAAC;MACX,CAAC,CAAC;IACJ,CAAC,CAAC;EACJ,CAAC,CAAC;AAEJ,CAAC,CAAC"},"_coverageSchema":"1a1c01bbd47fc00a2c39e90264f33305004495a9","hash":"45a81452a35136311ab186c3231d9fb53728081a","contentHash":"6b0503145639157810a851076ea0686ab4c0232b15164caf35bcac9b46b58555"},"C:\\react-microcoin\\src\\components\\User\\Cabinet.jsx":{"path":"C:\\react-microcoin\\src\\components\\User\\Cabinet.jsx","statementMap":{"0":{"start":{"line":3,"column":51},"end":{"line":3,"column":334}},"1":{"start":{"line":3,"column":153},"end":{"line":3,"column":171}},"2":{"start":{"line":3,"column":193},"end":{"line":3,"column":317}},"3":{"start":{"line":4,"column":0},"end":{"line":6,"column":3}},"4":{"start":{"line":7,"column":0},"end":{"line":7,"column":25}},"5":{"start":{"line":8,"column":13},"end":{"line":8,"column":54}},"6":{"start":{"line":9,"column":49},"end":{"line":9,"column":96}},"7":{"start":{"line":9,"column":84},"end":{"line":9,"column":96}},"8":{"start":{"line":9,"column":121},"end":{"line":9,"column":134}},"9":{"start":{"line":9,"column":159},"end":{"line":9,"column":172}},"10":{"start":{"line":9,"column":174},"end":{"line":9,"column":333}},"11":{"start":{"line":9,"column":258},"end":{"line":9,"column":316}},"12":{"start":{"line":10,"column":53},"end":{"line":10,"column":111}},"13":{"start":{"line":10,"column":98},"end":{"line":10,"column":109}},"14":{"start":{"line":10,"column":112},"end":{"line":10,"column":216}},"15":{"start":{"line":10,"column":190},"end":{"line":10,"column":214}},"16":{"start":{"line":10,"column":229},"end":{"line":10,"column":266}},"17":{"start":{"line":10,"column":268},"end":{"line":10,"column":323}},"18":{"start":{"line":10,"column":299},"end":{"line":10,"column":321}},"19":{"start":{"line":10,"column":337},"end":{"line":10,"column":339}},"20":{"start":{"line":10,"column":369},"end":{"line":10,"column":425}},"21":{"start":{"line":10,"column":427},"end":{"line":10,"column":728}},"22":{"start":{"line":10,"column":450},"end":{"line":10,"column":726}},"23":{"start":{"line":10,"column":536},"end":{"line":10,"column":608}},"24":{"start":{"line":10,"column":610},"end":{"line":10,"column":724}},"25":{"start":{"line":10,"column":648},"end":{"line":10,"column":689}},"26":{"start":{"line":10,"column":699},"end":{"line":10,"column":722}},"27":{"start":{"line":10,"column":729},"end":{"line":10,"column":750}},"28":{"start":{"line":10,"column":751},"end":{"line":10,"column":789}},"29":{"start":{"line":10,"column":764},"end":{"line":10,"column":787}},"30":{"start":{"line":10,"column":790},"end":{"line":10,"column":804}},"31":{"start":{"line":11,"column":54},"end":{"line":11,"column":73}},"32":{"start":{"line":11,"column":75},"end":{"line":11,"column":326}},"33":{"start":{"line":11,"column":125},"end":{"line":11,"column":161}},"34":{"start":{"line":11,"column":163},"end":{"line":11,"column":324}},"35":{"start":{"line":11,"column":224},"end":{"line":11,"column":287}},"36":{"start":{"line":11,"column":327},"end":{"line":11,"column":339}},"37":{"start":{"line":12,"column":33},"end":{"line":12,"column":489}},"38":{"start":{"line":12,"column":46},"end":{"line":12,"column":47}},"39":{"start":{"line":12,"column":91},"end":{"line":12,"column":131}},"40":{"start":{"line":12,"column":133},"end":{"line":12,"column":487}},"41":{"start":{"line":12,"column":194},"end":{"line":12,"column":236}},"42":{"start":{"line":12,"column":402},"end":{"line":12,"column":483}},"43":{"start":{"line":12,"column":490},"end":{"line":12,"column":504}},"44":{"start":{"line":13,"column":44},"end":{"line":13,"column":70}},"45":{"start":{"line":13,"column":71},"end":{"line":13,"column":222}},"46":{"start":{"line":13,"column":89},"end":{"line":13,"column":193}},"47":{"start":{"line":13,"column":203},"end":{"line":13,"column":220}},"48":{"start":{"line":13,"column":223},"end":{"line":13,"column":234}},"49":{"start":{"line":14,"column":41},"end":{"line":14,"column":68}},"50":{"start":{"line":14,"column":70},"end":{"line":14,"column":123}},"51":{"start":{"line":15,"column":37},"end":{"line":15,"column":101}},"52":{"start":{"line":15,"column":88},"end":{"line":15,"column":101}},"53":{"start":{"line":15,"column":113},"end":{"line":15,"column":138}},"54":{"start":{"line":15,"column":140},"end":{"line":15,"column":326}},"55":{"start":{"line":15,"column":176},"end":{"line":15,"column":211}},"56":{"start":{"line":15,"column":213},"end":{"line":15,"column":255}},"57":{"start":{"line":15,"column":244},"end":{"line":15,"column":255}},"58":{"start":{"line":15,"column":256},"end":{"line":15,"column":324}},"59":{"start":{"line":15,"column":327},"end":{"line":15,"column":379}},"60":{"start":{"line":16,"column":34},"end":{"line":16,"column":156}},"61":{"start":{"line":17,"column":30},"end":{"line":17,"column":191}},"62":{"start":{"line":18,"column":50},"end":{"line":18,"column":65}},"63":{"start":{"line":18,"column":58},"end":{"line":18,"column":65}},"64":{"start":{"line":18,"column":66},"end":{"line":18,"column":129}},"65":{"start":{"line":18,"column":93},"end":{"line":18,"column":129}},"66":{"start":{"line":18,"column":138},"end":{"line":18,"column":184}},"67":{"start":{"line":18,"column":186},"end":{"line":18,"column":246}},"68":{"start":{"line":18,"column":223},"end":{"line":18,"column":246}},"69":{"start":{"line":18,"column":247},"end":{"line":18,"column":300}},"70":{"start":{"line":18,"column":279},"end":{"line":18,"column":300}},"71":{"start":{"line":18,"column":301},"end":{"line":18,"column":414}},"72":{"start":{"line":18,"column":378},"end":{"line":18,"column":414}},"73":{"start":{"line":19,"column":39},"end":{"line":19,"column":93}},"74":{"start":{"line":19,"column":76},"end":{"line":19,"column":93}},"75":{"start":{"line":19,"column":94},"end":{"line":19,"column":164}},"76":{"start":{"line":19,"column":107},"end":{"line":19,"column":108}},"77":{"start":{"line":19,"column":117},"end":{"line":19,"column":131}},"78":{"start":{"line":19,"column":147},"end":{"line":19,"column":164}},"79":{"start":{"line":19,"column":165},"end":{"line":19,"column":177}},"80":{"start":{"line":20,"column":50},"end":{"line":20,"column":144}},"81":{"start":{"line":20,"column":146},"end":{"line":20,"column":586}},"82":{"start":{"line":20,"column":191},"end":{"line":20,"column":193}},"83":{"start":{"line":20,"column":200},"end":{"line":20,"column":202}},"84":{"start":{"line":20,"column":209},"end":{"line":20,"column":211}},"85":{"start":{"line":20,"column":213},"end":{"line":20,"column":571}},"86":{"start":{"line":20,"column":219},"end":{"line":20,"column":405}},"87":{"start":{"line":20,"column":265},"end":{"line":20,"column":295}},"88":{"start":{"line":20,"column":288},"end":{"line":20,"column":295}},"89":{"start":{"line":20,"column":296},"end":{"line":20,"column":304}},"90":{"start":{"line":20,"column":312},"end":{"line":20,"column":405}},"91":{"start":{"line":20,"column":422},"end":{"line":20,"column":440}},"92":{"start":{"line":20,"column":453},"end":{"line":20,"column":569}},"93":{"start":{"line":20,"column":459},"end":{"line":20,"column":537}},"94":{"start":{"line":20,"column":530},"end":{"line":20,"column":537}},"95":{"start":{"line":20,"column":550},"end":{"line":20,"column":567}},"96":{"start":{"line":20,"column":558},"end":{"line":20,"column":567}},"97":{"start":{"line":20,"column":572},"end":{"line":20,"column":584}},"98":{"start":{"line":21,"column":32},"end":{"line":21,"column":67}},"99":{"start":{"line":21,"column":56},"end":{"line":21,"column":67}},"100":{"start":{"line":22,"column":14},"end":{"line":179,"column":1}},"101":{"start":{"line":23,"column":18},"end":{"line":32,"column":6}},"102":{"start":{"line":33,"column":17},"end":{"line":33,"column":45}},"103":{"start":{"line":34,"column":15},"end":{"line":34,"column":28}},"104":{"start":{"line":35,"column":18},"end":{"line":35,"column":31}},"105":{"start":{"line":36,"column":2},"end":{"line":63,"column":9}},"106":{"start":{"line":37,"column":17},"end":{"line":37,"column":47}},"107":{"start":{"line":38,"column":16},"end":{"line":38,"column":48}},"108":{"start":{"line":39,"column":4},"end":{"line":62,"column":7}},"109":{"start":{"line":49,"column":6},"end":{"line":49,"column":29}},"110":{"start":{"line":51,"column":6},"end":{"line":53,"column":9}},"111":{"start":{"line":52,"column":8},"end":{"line":52,"column":65}},"112":{"start":{"line":64,"column":15},"end":{"line":111,"column":3}},"113":{"start":{"line":112,"column":2},"end":{"line":178,"column":343}},"114":{"start":{"line":180,"column":15},"end":{"line":180,"column":22}},"115":{"start":{"line":181,"column":0},"end":{"line":181,"column":27}}},"fnMap":{"0":{"name":"_typeof","decl":{"start":{"line":3,"column":9},"end":{"line":3,"column":16}},"loc":{"start":{"line":3,"column":22},"end":{"line":3,"column":336}},"line":3},"1":{"name":"(anonymous_1)","decl":{"start":{"line":3,"column":136},"end":{"line":3,"column":137}},"loc":{"start":{"line":3,"column":151},"end":{"line":3,"column":173}},"line":3},"2":{"name":"(anonymous_2)","decl":{"start":{"line":3,"column":176},"end":{"line":3,"column":177}},"loc":{"start":{"line":3,"column":191},"end":{"line":3,"column":319}},"line":3},"3":{"name":"_getRequireWildcardCache","decl":{"start":{"line":9,"column":9},"end":{"line":9,"column":33}},"loc":{"start":{"line":9,"column":47},"end":{"line":9,"column":335}},"line":9},"4":{"name":"_getRequireWildcardCache","decl":{"start":{"line":9,"column":218},"end":{"line":9,"column":242}},"loc":{"start":{"line":9,"column":256},"end":{"line":9,"column":318}},"line":9},"5":{"name":"_interopRequireWildcard","decl":{"start":{"line":10,"column":9},"end":{"line":10,"column":32}},"loc":{"start":{"line":10,"column":51},"end":{"line":10,"column":806}},"line":10},"6":{"name":"ownKeys","decl":{"start":{"line":11,"column":9},"end":{"line":11,"column":16}},"loc":{"start":{"line":11,"column":41},"end":{"line":11,"column":341}},"line":11},"7":{"name":"(anonymous_7)","decl":{"start":{"line":11,"column":207},"end":{"line":11,"column":208}},"loc":{"start":{"line":11,"column":222},"end":{"line":11,"column":289}},"line":11},"8":{"name":"_objectSpread","decl":{"start":{"line":12,"column":9},"end":{"line":12,"column":22}},"loc":{"start":{"line":12,"column":31},"end":{"line":12,"column":506}},"line":12},"9":{"name":"(anonymous_9)","decl":{"start":{"line":12,"column":177},"end":{"line":12,"column":178}},"loc":{"start":{"line":12,"column":192},"end":{"line":12,"column":238}},"line":12},"10":{"name":"(anonymous_10)","decl":{"start":{"line":12,"column":385},"end":{"line":12,"column":386}},"loc":{"start":{"line":12,"column":400},"end":{"line":12,"column":485}},"line":12},"11":{"name":"_defineProperty","decl":{"start":{"line":13,"column":9},"end":{"line":13,"column":24}},"loc":{"start":{"line":13,"column":42},"end":{"line":13,"column":236}},"line":13},"12":{"name":"_toPropertyKey","decl":{"start":{"line":14,"column":9},"end":{"line":14,"column":23}},"loc":{"start":{"line":14,"column":29},"end":{"line":14,"column":125}},"line":14},"13":{"name":"_toPrimitive","decl":{"start":{"line":15,"column":9},"end":{"line":15,"column":21}},"loc":{"start":{"line":15,"column":35},"end":{"line":15,"column":381}},"line":15},"14":{"name":"_slicedToArray","decl":{"start":{"line":16,"column":9},"end":{"line":16,"column":23}},"loc":{"start":{"line":16,"column":32},"end":{"line":16,"column":158}},"line":16},"15":{"name":"_nonIterableRest","decl":{"start":{"line":17,"column":9},"end":{"line":17,"column":25}},"loc":{"start":{"line":17,"column":28},"end":{"line":17,"column":193}},"line":17},"16":{"name":"_unsupportedIterableToArray","decl":{"start":{"line":18,"column":9},"end":{"line":18,"column":36}},"loc":{"start":{"line":18,"column":48},"end":{"line":18,"column":416}},"line":18},"17":{"name":"_arrayLikeToArray","decl":{"start":{"line":19,"column":9},"end":{"line":19,"column":26}},"loc":{"start":{"line":19,"column":37},"end":{"line":19,"column":179}},"line":19},"18":{"name":"_iterableToArrayLimit","decl":{"start":{"line":20,"column":9},"end":{"line":20,"column":30}},"loc":{"start":{"line":20,"column":39},"end":{"line":20,"column":588}},"line":20},"19":{"name":"_arrayWithHoles","decl":{"start":{"line":21,"column":9},"end":{"line":21,"column":24}},"loc":{"start":{"line":21,"column":30},"end":{"line":21,"column":69}},"line":21},"20":{"name":"Cabinet","decl":{"start":{"line":22,"column":23},"end":{"line":22,"column":30}},"loc":{"start":{"line":22,"column":33},"end":{"line":179,"column":1}},"line":22},"21":{"name":"(anonymous_21)","decl":{"start":{"line":36,"column":24},"end":{"line":36,"column":25}},"loc":{"start":{"line":36,"column":36},"end":{"line":63,"column":3}},"line":36},"22":{"name":"(anonymous_22)","decl":{"start":{"line":44,"column":12},"end":{"line":44,"column":13}},"loc":{"start":{"line":44,"column":32},"end":{"line":50,"column":5}},"line":44},"23":{"name":"(anonymous_23)","decl":{"start":{"line":50,"column":12},"end":{"line":50,"column":13}},"loc":{"start":{"line":50,"column":28},"end":{"line":54,"column":5}},"line":50},"24":{"name":"(anonymous_24)","decl":{"start":{"line":51,"column":18},"end":{"line":51,"column":19}},"loc":{"start":{"line":51,"column":39},"end":{"line":53,"column":7}},"line":51},"25":{"name":"(anonymous_25)","decl":{"start":{"line":54,"column":13},"end":{"line":54,"column":14}},"loc":{"start":{"line":54,"column":30},"end":{"line":62,"column":5}},"line":54}},"branchMap":{"0":{"loc":{"start":{"line":3,"column":68},"end":{"line":3,"column":319}},"type":"cond-expr","locations":[{"start":{"line":3,"column":136},"end":{"line":3,"column":173}},{"start":{"line":3,"column":176},"end":{"line":3,"column":319}}],"line":3},"1":{"loc":{"start":{"line":3,"column":68},"end":{"line":3,"column":133}},"type":"binary-expr","locations":[{"start":{"line":3,"column":68},"end":{"line":3,"column":95}},{"start":{"line":3,"column":99},"end":{"line":3,"column":133}}],"line":3},"2":{"loc":{"start":{"line":3,"column":200},"end":{"line":3,"column":316}},"type":"cond-expr","locations":[{"start":{"line":3,"column":295},"end":{"line":3,"column":303}},{"start":{"line":3,"column":306},"end":{"line":3,"column":316}}],"line":3},"3":{"loc":{"start":{"line":3,"column":200},"end":{"line":3,"column":292}},"type":"binary-expr","locations":[{"start":{"line":3,"column":200},"end":{"line":3,"column":203}},{"start":{"line":3,"column":207},"end":{"line":3,"column":234}},{"start":{"line":3,"column":238},"end":{"line":3,"column":264}},{"start":{"line":3,"column":268},"end":{"line":3,"column":292}}],"line":3},"4":{"loc":{"start":{"line":9,"column":49},"end":{"line":9,"column":96}},"type":"if","locations":[{"start":{"line":9,"column":49},"end":{"line":9,"column":96}},{"start":{"line":9,"column":49},"end":{"line":9,"column":96}}],"line":9},"5":{"loc":{"start":{"line":9,"column":265},"end":{"line":9,"column":315}},"type":"cond-expr","locations":[{"start":{"line":9,"column":279},"end":{"line":9,"column":295}},{"start":{"line":9,"column":298},"end":{"line":9,"column":315}}],"line":9},"6":{"loc":{"start":{"line":10,"column":53},"end":{"line":10,"column":111}},"type":"if","locations":[{"start":{"line":10,"column":53},"end":{"line":10,"column":111}},{"start":{"line":10,"column":53},"end":{"line":10,"column":111}}],"line":10},"7":{"loc":{"start":{"line":10,"column":57},"end":{"line":10,"column":94}},"type":"binary-expr","locations":[{"start":{"line":10,"column":57},"end":{"line":10,"column":69}},{"start":{"line":10,"column":73},"end":{"line":10,"column":76}},{"start":{"line":10,"column":80},"end":{"line":10,"column":94}}],"line":10},"8":{"loc":{"start":{"line":10,"column":112},"end":{"line":10,"column":216}},"type":"if","locations":[{"start":{"line":10,"column":112},"end":{"line":10,"column":216}},{"start":{"line":10,"column":112},"end":{"line":10,"column":216}}],"line":10},"9":{"loc":{"start":{"line":10,"column":116},"end":{"line":10,"column":186}},"type":"binary-expr","locations":[{"start":{"line":10,"column":116},"end":{"line":10,"column":128}},{"start":{"line":10,"column":132},"end":{"line":10,"column":157}},{"start":{"line":10,"column":161},"end":{"line":10,"column":186}}],"line":10},"10":{"loc":{"start":{"line":10,"column":268},"end":{"line":10,"column":323}},"type":"if","locations":[{"start":{"line":10,"column":268},"end":{"line":10,"column":323}},{"start":{"line":10,"column":268},"end":{"line":10,"column":323}}],"line":10},"11":{"loc":{"start":{"line":10,"column":272},"end":{"line":10,"column":295}},"type":"binary-expr","locations":[{"start":{"line":10,"column":272},"end":{"line":10,"column":277}},{"start":{"line":10,"column":281},"end":{"line":10,"column":295}}],"line":10},"12":{"loc":{"start":{"line":10,"column":369},"end":{"line":10,"column":425}},"type":"binary-expr","locations":[{"start":{"line":10,"column":369},"end":{"line":10,"column":390}},{"start":{"line":10,"column":394},"end":{"line":10,"column":425}}],"line":10},"13":{"loc":{"start":{"line":10,"column":450},"end":{"line":10,"column":726}},"type":"if","locations":[{"start":{"line":10,"column":450},"end":{"line":10,"column":726}},{"start":{"line":10,"column":450},"end":{"line":10,"column":726}}],"line":10},"14":{"loc":{"start":{"line":10,"column":454},"end":{"line":10,"column":521}},"type":"binary-expr","locations":[{"start":{"line":10,"column":454},"end":{"line":10,"column":471}},{"start":{"line":10,"column":475},"end":{"line":10,"column":521}}],"line":10},"15":{"loc":{"start":{"line":10,"column":536},"end":{"line":10,"column":608}},"type":"cond-expr","locations":[{"start":{"line":10,"column":560},"end":{"line":10,"column":601}},{"start":{"line":10,"column":604},"end":{"line":10,"column":608}}],"line":10},"16":{"loc":{"start":{"line":10,"column":610},"end":{"line":10,"column":724}},"type":"if","locations":[{"start":{"line":10,"column":610},"end":{"line":10,"column":724}},{"start":{"line":10,"column":610},"end":{"line":10,"column":724}}],"line":10},"17":{"loc":{"start":{"line":10,"column":614},"end":{"line":10,"column":644}},"type":"binary-expr","locations":[{"start":{"line":10,"column":614},"end":{"line":10,"column":618}},{"start":{"line":10,"column":623},"end":{"line":10,"column":631}},{"start":{"line":10,"column":635},"end":{"line":10,"column":643}}],"line":10},"18":{"loc":{"start":{"line":10,"column":751},"end":{"line":10,"column":789}},"type":"if","locations":[{"start":{"line":10,"column":751},"end":{"line":10,"column":789}},{"start":{"line":10,"column":751},"end":{"line":10,"column":789}}],"line":10},"19":{"loc":{"start":{"line":11,"column":75},"end":{"line":11,"column":326}},"type":"if","locations":[{"start":{"line":11,"column":75},"end":{"line":11,"column":326}},{"start":{"line":11,"column":75},"end":{"line":11,"column":326}}],"line":11},"20":{"loc":{"start":{"line":11,"column":163},"end":{"line":11,"column":291}},"type":"binary-expr","locations":[{"start":{"line":11,"column":163},"end":{"line":11,"column":177}},{"start":{"line":11,"column":182},"end":{"line":11,"column":290}}],"line":11},"21":{"loc":{"start":{"line":12,"column":91},"end":{"line":12,"column":131}},"type":"cond-expr","locations":[{"start":{"line":12,"column":114},"end":{"line":12,"column":126}},{"start":{"line":12,"column":129},"end":{"line":12,"column":131}}],"line":12},"22":{"loc":{"start":{"line":12,"column":133},"end":{"line":12,"column":486}},"type":"cond-expr","locations":[{"start":{"line":12,"column":141},"end":{"line":12,"column":239}},{"start":{"line":12,"column":242},"end":{"line":12,"column":486}}],"line":12},"23":{"loc":{"start":{"line":12,"column":242},"end":{"line":12,"column":486}},"type":"cond-expr","locations":[{"start":{"line":12,"column":277},"end":{"line":12,"column":350}},{"start":{"line":12,"column":353},"end":{"line":12,"column":486}}],"line":12},"24":{"loc":{"start":{"line":13,"column":71},"end":{"line":13,"column":222}},"type":"if","locations":[{"start":{"line":13,"column":71},"end":{"line":13,"column":222}},{"start":{"line":13,"column":71},"end":{"line":13,"column":222}}],"line":13},"25":{"loc":{"start":{"line":14,"column":77},"end":{"line":14,"column":122}},"type":"cond-expr","locations":[{"start":{"line":14,"column":105},"end":{"line":14,"column":108}},{"start":{"line":14,"column":111},"end":{"line":14,"column":122}}],"line":14},"26":{"loc":{"start":{"line":15,"column":37},"end":{"line":15,"column":101}},"type":"if","locations":[{"start":{"line":15,"column":37},"end":{"line":15,"column":101}},{"start":{"line":15,"column":37},"end":{"line":15,"column":101}}],"line":15},"27":{"loc":{"start":{"line":15,"column":41},"end":{"line":15,"column":86}},"type":"binary-expr","locations":[{"start":{"line":15,"column":41},"end":{"line":15,"column":68}},{"start":{"line":15,"column":72},"end":{"line":15,"column":86}}],"line":15},"28":{"loc":{"start":{"line":15,"column":140},"end":{"line":15,"column":326}},"type":"if","locations":[{"start":{"line":15,"column":140},"end":{"line":15,"column":326}},{"start":{"line":15,"column":140},"end":{"line":15,"column":326}}],"line":15},"29":{"loc":{"start":{"line":15,"column":193},"end":{"line":15,"column":210}},"type":"binary-expr","locations":[{"start":{"line":15,"column":193},"end":{"line":15,"column":197}},{"start":{"line":15,"column":201},"end":{"line":15,"column":210}}],"line":15},"30":{"loc":{"start":{"line":15,"column":213},"end":{"line":15,"column":255}},"type":"if","locations":[{"start":{"line":15,"column":213},"end":{"line":15,"column":255}},{"start":{"line":15,"column":213},"end":{"line":15,"column":255}}],"line":15},"31":{"loc":{"start":{"line":15,"column":335},"end":{"line":15,"column":370}},"type":"cond-expr","locations":[{"start":{"line":15,"column":355},"end":{"line":15,"column":361}},{"start":{"line":15,"column":364},"end":{"line":15,"column":370}}],"line":15},"32":{"loc":{"start":{"line":16,"column":41},"end":{"line":16,"column":155}},"type":"binary-expr","locations":[{"start":{"line":16,"column":41},"end":{"line":16,"column":61}},{"start":{"line":16,"column":65},"end":{"line":16,"column":94}},{"start":{"line":16,"column":98},"end":{"line":16,"column":133}},{"start":{"line":16,"column":137},"end":{"line":16,"column":155}}],"line":16},"33":{"loc":{"start":{"line":18,"column":50},"end":{"line":18,"column":65}},"type":"if","locations":[{"start":{"line":18,"column":50},"end":{"line":18,"column":65}},{"start":{"line":18,"column":50},"end":{"line":18,"column":65}}],"line":18},"34":{"loc":{"start":{"line":18,"column":66},"end":{"line":18,"column":129}},"type":"if","locations":[{"start":{"line":18,"column":66},"end":{"line":18,"column":129}},{"start":{"line":18,"column":66},"end":{"line":18,"column":129}}],"line":18},"35":{"loc":{"start":{"line":18,"column":186},"end":{"line":18,"column":246}},"type":"if","locations":[{"start":{"line":18,"column":186},"end":{"line":18,"column":246}},{"start":{"line":18,"column":186},"end":{"line":18,"column":246}}],"line":18},"36":{"loc":{"start":{"line":18,"column":190},"end":{"line":18,"column":221}},"type":"binary-expr","locations":[{"start":{"line":18,"column":190},"end":{"line":18,"column":204}},{"start":{"line":18,"column":208},"end":{"line":18,"column":221}}],"line":18},"37":{"loc":{"start":{"line":18,"column":247},"end":{"line":18,"column":300}},"type":"if","locations":[{"start":{"line":18,"column":247},"end":{"line":18,"column":300}},{"start":{"line":18,"column":247},"end":{"line":18,"column":300}}],"line":18},"38":{"loc":{"start":{"line":18,"column":251},"end":{"line":18,"column":277}},"type":"binary-expr","locations":[{"start":{"line":18,"column":251},"end":{"line":18,"column":262}},{"start":{"line":18,"column":266},"end":{"line":18,"column":277}}],"line":18},"39":{"loc":{"start":{"line":18,"column":301},"end":{"line":18,"column":414}},"type":"if","locations":[{"start":{"line":18,"column":301},"end":{"line":18,"column":414}},{"start":{"line":18,"column":301},"end":{"line":18,"column":414}}],"line":18},"40":{"loc":{"start":{"line":18,"column":305},"end":{"line":18,"column":376}},"type":"binary-expr","locations":[{"start":{"line":18,"column":305},"end":{"line":18,"column":322}},{"start":{"line":18,"column":326},"end":{"line":18,"column":376}}],"line":18},"41":{"loc":{"start":{"line":19,"column":39},"end":{"line":19,"column":93}},"type":"if","locations":[{"start":{"line":19,"column":39},"end":{"line":19,"column":93}},{"start":{"line":19,"column":39},"end":{"line":19,"column":93}}],"line":19},"42":{"loc":{"start":{"line":19,"column":43},"end":{"line":19,"column":74}},"type":"binary-expr","locations":[{"start":{"line":19,"column":43},"end":{"line":19,"column":54}},{"start":{"line":19,"column":58},"end":{"line":19,"column":74}}],"line":19},"43":{"loc":{"start":{"line":20,"column":50},"end":{"line":20,"column":144}},"type":"cond-expr","locations":[{"start":{"line":20,"column":64},"end":{"line":20,"column":68}},{"start":{"line":20,"column":71},"end":{"line":20,"column":144}}],"line":20},"44":{"loc":{"start":{"line":20,"column":71},"end":{"line":20,"column":144}},"type":"binary-expr","locations":[{"start":{"line":20,"column":71},"end":{"line":20,"column":99}},{"start":{"line":20,"column":103},"end":{"line":20,"column":123}},{"start":{"line":20,"column":127},"end":{"line":20,"column":144}}],"line":20},"45":{"loc":{"start":{"line":20,"column":146},"end":{"line":20,"column":586}},"type":"if","locations":[{"start":{"line":20,"column":146},"end":{"line":20,"column":586}},{"start":{"line":20,"column":146},"end":{"line":20,"column":586}}],"line":20},"46":{"loc":{"start":{"line":20,"column":219},"end":{"line":20,"column":405}},"type":"if","locations":[{"start":{"line":20,"column":219},"end":{"line":20,"column":405}},{"start":{"line":20,"column":219},"end":{"line":20,"column":405}}],"line":20},"47":{"loc":{"start":{"line":20,"column":265},"end":{"line":20,"column":295}},"type":"if","locations":[{"start":{"line":20,"column":265},"end":{"line":20,"column":295}},{"start":{"line":20,"column":265},"end":{"line":20,"column":295}}],"line":20},"48":{"loc":{"start":{"line":20,"column":319},"end":{"line":20,"column":394}},"type":"binary-expr","locations":[{"start":{"line":20,"column":319},"end":{"line":20,"column":350}},{"start":{"line":20,"column":355},"end":{"line":20,"column":393}}],"line":20},"49":{"loc":{"start":{"line":20,"column":459},"end":{"line":20,"column":537}},"type":"if","locations":[{"start":{"line":20,"column":459},"end":{"line":20,"column":537}},{"start":{"line":20,"column":459},"end":{"line":20,"column":537}}],"line":20},"50":{"loc":{"start":{"line":20,"column":463},"end":{"line":20,"column":528}},"type":"binary-expr","locations":[{"start":{"line":20,"column":463},"end":{"line":20,"column":466}},{"start":{"line":20,"column":470},"end":{"line":20,"column":487}},{"start":{"line":20,"column":492},"end":{"line":20,"column":527}}],"line":20},"51":{"loc":{"start":{"line":20,"column":550},"end":{"line":20,"column":567}},"type":"if","locations":[{"start":{"line":20,"column":550},"end":{"line":20,"column":567}},{"start":{"line":20,"column":550},"end":{"line":20,"column":567}}],"line":20},"52":{"loc":{"start":{"line":21,"column":32},"end":{"line":21,"column":67}},"type":"if","locations":[{"start":{"line":21,"column":32},"end":{"line":21,"column":67}},{"start":{"line":21,"column":32},"end":{"line":21,"column":67}}],"line":21}},"s":{"0":1,"1":33,"2":0,"3":1,"4":1,"5":1,"6":1,"7":0,"8":1,"9":1,"10":1,"11":1,"12":1,"13":0,"14":1,"15":0,"16":1,"17":1,"18":0,"19":1,"20":1,"21":1,"22":28,"23":28,"24":28,"25":0,"26":28,"27":1,"28":1,"29":1,"30":1,"31":2,"32":2,"33":2,"34":2,"35":0,"36":2,"37":2,"38":2,"39":2,"40":2,"41":16,"42":0,"43":2,"44":16,"45":16,"46":8,"47":8,"48":16,"49":16,"50":16,"51":16,"52":16,"53":0,"54":0,"55":0,"56":0,"57":0,"58":0,"59":0,"60":2,"61":0,"62":0,"63":0,"64":0,"65":0,"66":0,"67":0,"68":0,"69":0,"70":0,"71":0,"72":0,"73":0,"74":0,"75":0,"76":0,"77":0,"78":0,"79":0,"80":0,"81":0,"82":0,"83":0,"84":0,"85":0,"86":0,"87":0,"88":0,"89":0,"90":0,"91":0,"92":0,"93":0,"94":0,"95":0,"96":0,"97":0,"98":2,"99":2,"100":1,"101":2,"102":2,"103":2,"104":2,"105":2,"106":1,"107":1,"108":1,"109":1,"110":1,"111":1,"112":2,"113":2,"114":1,"115":1},"f":{"0":1,"1":33,"2":0,"3":1,"4":1,"5":1,"6":2,"7":0,"8":2,"9":16,"10":0,"11":16,"12":16,"13":16,"14":2,"15":0,"16":0,"17":0,"18":0,"19":2,"20":2,"21":1,"22":1,"23":1,"24":1,"25":0},"b":{"0":[1,0],"1":[1,1],"2":[0,0],"3":[0,0,0,0],"4":[0,1],"5":[0,1],"6":[0,1],"7":[1,1,1],"8":[0,1],"9":[1,1,0],"10":[0,1],"11":[1,1],"12":[1,1],"13":[28,0],"14":[28,28],"15":[28,0],"16":[0,28],"17":[28,28,28],"18":[1,0],"19":[2,0],"20":[2,2],"21":[2,0],"22":[2,0],"23":[0,0],"24":[8,8],"25":[0,16],"26":[16,0],"27":[16,0],"28":[0,0],"29":[0,0],"30":[0,0],"31":[0,0],"32":[2,0,0,0],"33":[0,0],"34":[0,0],"35":[0,0],"36":[0,0],"37":[0,0],"38":[0,0],"39":[0,0],"40":[0,0],"41":[0,0],"42":[0,0],"43":[0,0],"44":[0,0,0],"45":[0,0],"46":[0,0],"47":[0,0],"48":[0,0],"49":[0,0],"50":[0,0,0],"51":[0,0],"52":[2,0]},"inputSourceMap":{"version":3,"names":["_react","_interopRequireWildcard","require","_getRequireWildcardCache","nodeInterop","WeakMap","cacheBabelInterop","cacheNodeInterop","obj","__esModule","_typeof","default","cache","has","get","newObj","hasPropertyDescriptor","Object","defineProperty","getOwnPropertyDescriptor","key","prototype","hasOwnProperty","call","desc","set","ownKeys","object","enumerableOnly","keys","getOwnPropertySymbols","symbols","filter","sym","enumerable","push","apply","_objectSpread","target","i","arguments","length","source","forEach","_defineProperty","getOwnPropertyDescriptors","defineProperties","value","_toPropertyKey","configurable","writable","arg","_toPrimitive","String","input","hint","prim","Symbol","toPrimitive","undefined","res","TypeError","Number","_slicedToArray","arr","_arrayWithHoles","_iterableToArrayLimit","_unsupportedIterableToArray","_nonIterableRest","o","minLen","_arrayLikeToArray","n","toString","slice","constructor","name","Array","from","test","len","arr2","_i","iterator","_s","_e","_x","_r","_arr","_n","_d","next","done","err","return","isArray","Cabinet","_useState","useState","login","full_name","passport_number","card_number","date_of_birth","credit_history","email","phone_number","_useState2","userInfo","setUserInfo","useEffect","userId","localStorage","getItem","token","fetch","concat","method","headers","then","response","ok","Error","json","data","prevState","catch","error","console","window","location","href","removeItem","alert","styles","body","fontFamily","textAlign","color","container","width","margin","border","borderRadius","backgroundColor","position","h1","padding","fontSize","h2","p","infoBlock","contactInfo","backButton","top","textDecoration","createElement","style","_default","exports"],"sourceRoot":"C:\\react-microcoin\\src\\components\\User\\","sources":["Cabinet.jsx"],"sourcesContent":["import React, { useEffect, useState } from 'react';\r\n\r\nconst Cabinet = () => {\r\n  const [userInfo, setUserInfo] = useState({\r\n    login: 'No data available',\r\n    full_name: 'No data available',\r\n    passport_number: 'No data available',\r\n    card_number: 'No data available',\r\n    date_of_birth: 'No data available',\r\n    credit_history: 'No data available',\r\n    email: 'No data available',\r\n    phone_number: 'No data available',\r\n  });\r\n\r\n  useEffect(() => {\r\n    const userId = localStorage.getItem('userId');\r\n    const token = localStorage.getItem('jwtToken');\r\n\r\n    fetch(`http://127.0.0.1:5000/user/${userId}`, {\r\n      method: 'GET',\r\n      headers: {\r\n        'Authorization': 'Bearer ' + token\r\n      }\r\n    })\r\n    .then(response => {                                     // istanbul ignore next\r\n      if (!response.ok) {                                    \r\n        throw new Error('Network response was not ok');\r\n      }\r\n      return response.json();\r\n    })\r\n    .then(data => {\r\n      setUserInfo(prevState => ({\r\n        ...prevState,\r\n        ...data\r\n      }));\r\n    })\r\n\r\n    .catch((error) => {                                      // istanbul ignore next\r\n      console.error('Error:', error);                        // istanbul ignore next\r\n      window.location.href = \"/login\";                       // istanbul ignore next\r\n      localStorage.removeItem('jwtToken');                   // istanbul ignore next\r\n      localStorage.removeItem('userId');                     // istanbul ignore next\r\n      window.location.href = '/login';                       // istanbul ignore next\r\n      alert('Connection timed out. Please log in again');    \r\n    });\r\n\r\n  }, []);\r\n\r\n  const styles = {\r\n    body: {\r\n      fontFamily: \"'Open Sans', sans-serif\",\r\n      textAlign: 'center',\r\n      color: '#F8F8F2'\r\n    },\r\n    container: {\r\n      width: 500,\r\n      margin: '5px auto 5px auto',\r\n      border: '1px solid #FF6347',\r\n      borderRadius: 5,\r\n      backgroundColor: '#23272A',\r\n      position: 'relative'\r\n    },\r\n    h1: {\r\n      color: '#FF6347',\r\n      padding: 20,\r\n      fontFamily: \"'Merriweather', serif\",\r\n      fontSize: '2.5em',\r\n    },\r\n    h2: {\r\n      color: '#FF6347',\r\n      fontFamily: \"'Merriweather', serif\",\r\n    },\r\n    p: {\r\n      color: '#F8F8F2',\r\n      fontSize: '1.2em'\r\n    },\r\n    infoBlock: {\r\n      margin: 20,\r\n      padding: 10,\r\n      backgroundColor: '#2C2F33',\r\n      borderRadius: 5\r\n    },\r\n    contactInfo: {\r\n      margin: 20,\r\n      padding: 10,\r\n      color: '#F8F8F2',\r\n      fontSize: '1.0em'\r\n    },\r\n    backButton: {\r\n      position: 'absolute',\r\n      top: 10,\r\n      fontSize: '2em',\r\n      color: '#FF6347',\r\n      textDecoration: 'none',\r\n    }\r\n  };\r\n\r\n  return (\r\n    <div style={styles.body}>\r\n      <div style={styles.container}>\r\n        <h1 style={styles.h1}>Micro Coin Cabinet</h1>\r\n      </div>\r\n      <div style={styles.container}>\r\n        <div style={styles.infoBlock}>\r\n          <h2 style={styles.h2}>User Information</h2>\r\n          <p style={styles.p}><strong style={{color: '#0084ff'}}>Login:</strong> {userInfo.login}</p>\r\n          <p style={styles.p}><strong style={{color: '#0084ff'}}>Full Name:</strong> {userInfo.full_name}</p>\r\n          <p style={styles.p}><strong style={{color: '#0084ff'}}>Passport Number:</strong> {userInfo.passport_number}</p>\r\n          <p style={styles.p}><strong style={{color: '#0084ff'}}>Card Number:</strong> {userInfo.card_number}</p>\r\n        </div>\r\n        <div style={styles.infoBlock}>\r\n          <h2 style={styles.h2}>About User</h2>\r\n          <p style={styles.p}><strong style={{color: '#0084ff'}}>Date Of Birth:</strong> {userInfo.date_of_birth}</p>\r\n          <p style={styles.p}><strong style={{color: '#0084ff'}}>Credit History:</strong> {userInfo.credit_history}</p>\r\n          <p style={styles.p}><strong style={{color: '#0084ff'}}>Email:</strong> {userInfo.email}</p>\r\n          <p style={styles.p}><strong style={{color: '#0084ff'}}>Phone Number:</strong> {userInfo.phone_number}</p>\r\n        </div>\r\n        <div style={styles.contactInfo}>\r\n          <p>To delete your account or change the account details, please contact us at admin.micro.coin@gmail.com, clearly specifying what you want to change.</p>\r\n          <p>Contact Phone: +380567434856, we are available Mon-Fri from 9:00 to 16:00.</p>\r\n        </div>\r\n      </div>\r\n    </div>\r\n  );\r\n}\r\n\r\nexport default Cabinet;\r\n"],"mappings":";;;;;;;AAAA,IAAAA,MAAA,GAAAC,uBAAA,CAAAC,OAAA;AAAmD,SAAAC,yBAAAC,WAAA,eAAAC,OAAA,kCAAAC,iBAAA,OAAAD,OAAA,QAAAE,gBAAA,OAAAF,OAAA,YAAAF,wBAAA,YAAAA,yBAAAC,WAAA,WAAAA,WAAA,GAAAG,gBAAA,GAAAD,iBAAA,KAAAF,WAAA;AAAA,SAAAH,wBAAAO,GAAA,EAAAJ,WAAA,SAAAA,WAAA,IAAAI,GAAA,IAAAA,GAAA,CAAAC,UAAA,WAAAD,GAAA,QAAAA,GAAA,aAAAE,OAAA,CAAAF,GAAA,yBAAAA,GAAA,4BAAAG,OAAA,EAAAH,GAAA,UAAAI,KAAA,GAAAT,wBAAA,CAAAC,WAAA,OAAAQ,KAAA,IAAAA,KAAA,CAAAC,GAAA,CAAAL,GAAA,YAAAI,KAAA,CAAAE,GAAA,CAAAN,GAAA,SAAAO,MAAA,WAAAC,qBAAA,GAAAC,MAAA,CAAAC,cAAA,IAAAD,MAAA,CAAAE,wBAAA,WAAAC,GAAA,IAAAZ,GAAA,QAAAY,GAAA,kBAAAH,MAAA,CAAAI,SAAA,CAAAC,cAAA,CAAAC,IAAA,CAAAf,GAAA,EAAAY,GAAA,SAAAI,IAAA,GAAAR,qBAAA,GAAAC,MAAA,CAAAE,wBAAA,CAAAX,GAAA,EAAAY,GAAA,cAAAI,IAAA,KAAAA,IAAA,CAAAV,GAAA,IAAAU,IAAA,CAAAC,GAAA,KAAAR,MAAA,CAAAC,cAAA,CAAAH,MAAA,EAAAK,GAAA,EAAAI,IAAA,YAAAT,MAAA,CAAAK,GAAA,IAAAZ,GAAA,CAAAY,GAAA,SAAAL,MAAA,CAAAJ,OAAA,GAAAH,GAAA,MAAAI,KAAA,IAAAA,KAAA,CAAAa,GAAA,CAAAjB,GAAA,EAAAO,MAAA,YAAAA,MAAA;AAAA,SAAAW,QAAAC,MAAA,EAAAC,cAAA,QAAAC,IAAA,GAAAZ,MAAA,CAAAY,IAAA,CAAAF,MAAA,OAAAV,MAAA,CAAAa,qBAAA,QAAAC,OAAA,GAAAd,MAAA,CAAAa,qBAAA,CAAAH,MAAA,GAAAC,cAAA,KAAAG,OAAA,GAAAA,OAAA,CAAAC,MAAA,WAAAC,GAAA,WAAAhB,MAAA,CAAAE,wBAAA,CAAAQ,MAAA,EAAAM,GAAA,EAAAC,UAAA,OAAAL,IAAA,CAAAM,IAAA,CAAAC,KAAA,CAAAP,IAAA,EAAAE,OAAA,YAAAF,IAAA;AAAA,SAAAQ,cAAAC,MAAA,aAAAC,CAAA,MAAAA,CAAA,GAAAC,SAAA,CAAAC,MAAA,EAAAF,CAAA,UAAAG,MAAA,WAAAF,SAAA,CAAAD,CAAA,IAAAC,SAAA,CAAAD,CAAA,QAAAA,CAAA,OAAAb,OAAA,CAAAT,MAAA,CAAAyB,MAAA,OAAAC,OAAA,WAAAvB,GAAA,IAAAwB,eAAA,CAAAN,MAAA,EAAAlB,GAAA,EAAAsB,MAAA,CAAAtB,GAAA,SAAAH,MAAA,CAAA4B,yBAAA,GAAA5B,MAAA,CAAA6B,gBAAA,CAAAR,MAAA,EAAArB,MAAA,CAAA4B,yBAAA,CAAAH,MAAA,KAAAhB,OAAA,CAAAT,MAAA,CAAAyB,MAAA,GAAAC,OAAA,WAAAvB,GAAA,IAAAH,MAAA,CAAAC,cAAA,CAAAoB,MAAA,EAAAlB,GAAA,EAAAH,MAAA,CAAAE,wBAAA,CAAAuB,MAAA,EAAAtB,GAAA,iBAAAkB,MAAA;AAAA,SAAAM,gBAAApC,GAAA,EAAAY,GAAA,EAAA2B,KAAA,IAAA3B,GAAA,GAAA4B,cAAA,CAAA5B,GAAA,OAAAA,GAAA,IAAAZ,GAAA,IAAAS,MAAA,CAAAC,cAAA,CAAAV,GAAA,EAAAY,GAAA,IAAA2B,KAAA,EAAAA,KAAA,EAAAb,UAAA,QAAAe,YAAA,QAAAC,QAAA,oBAAA1C,GAAA,CAAAY,GAAA,IAAA2B,KAAA,WAAAvC,GAAA;AAAA,SAAAwC,eAAAG,GAAA,QAAA/B,GAAA,GAAAgC,YAAA,CAAAD,GAAA,oBAAAzC,OAAA,CAAAU,GAAA,iBAAAA,GAAA,GAAAiC,MAAA,CAAAjC,GAAA;AAAA,SAAAgC,aAAAE,KAAA,EAAAC,IAAA,QAAA7C,OAAA,CAAA4C,KAAA,kBAAAA,KAAA,kBAAAA,KAAA,MAAAE,IAAA,GAAAF,KAAA,CAAAG,MAAA,CAAAC,WAAA,OAAAF,IAAA,KAAAG,SAAA,QAAAC,GAAA,GAAAJ,IAAA,CAAAjC,IAAA,CAAA+B,KAAA,EAAAC,IAAA,oBAAA7C,OAAA,CAAAkD,GAAA,uBAAAA,GAAA,YAAAC,SAAA,4DAAAN,IAAA,gBAAAF,MAAA,GAAAS,MAAA,EAAAR,KAAA;AAAA,SAAAS,eAAAC,GAAA,EAAAzB,CAAA,WAAA0B,eAAA,CAAAD,GAAA,KAAAE,qBAAA,CAAAF,GAAA,EAAAzB,CAAA,KAAA4B,2BAAA,CAAAH,GAAA,EAAAzB,CAAA,KAAA6B,gBAAA;AAAA,SAAAA,iBAAA,cAAAP,SAAA;AAAA,SAAAM,4BAAAE,CAAA,EAAAC,MAAA,SAAAD,CAAA,qBAAAA,CAAA,sBAAAE,iBAAA,CAAAF,CAAA,EAAAC,MAAA,OAAAE,CAAA,GAAAvD,MAAA,CAAAI,SAAA,CAAAoD,QAAA,CAAAlD,IAAA,CAAA8C,CAAA,EAAAK,KAAA,aAAAF,CAAA,iBAAAH,CAAA,CAAAM,WAAA,EAAAH,CAAA,GAAAH,CAAA,CAAAM,WAAA,CAAAC,IAAA,MAAAJ,CAAA,cAAAA,CAAA,mBAAAK,KAAA,CAAAC,IAAA,CAAAT,CAAA,OAAAG,CAAA,+DAAAO,IAAA,CAAAP,CAAA,UAAAD,iBAAA,CAAAF,CAAA,EAAAC,MAAA;AAAA,SAAAC,kBAAAP,GAAA,EAAAgB,GAAA,QAAAA,GAAA,YAAAA,GAAA,GAAAhB,GAAA,CAAAvB,MAAA,EAAAuC,GAAA,GAAAhB,GAAA,CAAAvB,MAAA,WAAAF,CAAA,MAAA0C,IAAA,OAAAJ,KAAA,CAAAG,GAAA,GAAAzC,CAAA,GAAAyC,GAAA,EAAAzC,CAAA,IAAA0C,IAAA,CAAA1C,CAAA,IAAAyB,GAAA,CAAAzB,CAAA,UAAA0C,IAAA;AAAA,SAAAf,sBAAAF,GAAA,EAAAzB,CAAA,QAAA2C,EAAA,WAAAlB,GAAA,gCAAAP,MAAA,IAAAO,GAAA,CAAAP,MAAA,CAAA0B,QAAA,KAAAnB,GAAA,4BAAAkB,EAAA,QAAAE,EAAA,EAAAC,EAAA,EAAAC,EAAA,EAAAC,EAAA,EAAAC,IAAA,OAAAC,EAAA,OAAAC,EAAA,iBAAAJ,EAAA,IAAAJ,EAAA,GAAAA,EAAA,CAAA3D,IAAA,CAAAyC,GAAA,GAAA2B,IAAA,QAAApD,CAAA,QAAAtB,MAAA,CAAAiE,EAAA,MAAAA,EAAA,UAAAO,EAAA,uBAAAA,EAAA,IAAAL,EAAA,GAAAE,EAAA,CAAA/D,IAAA,CAAA2D,EAAA,GAAAU,IAAA,MAAAJ,IAAA,CAAArD,IAAA,CAAAiD,EAAA,CAAArC,KAAA,GAAAyC,IAAA,CAAA/C,MAAA,KAAAF,CAAA,GAAAkD,EAAA,iBAAAI,GAAA,IAAAH,EAAA,OAAAL,EAAA,GAAAQ,GAAA,yBAAAJ,EAAA,YAAAP,EAAA,CAAAY,MAAA,KAAAP,EAAA,GAAAL,EAAA,CAAAY,MAAA,IAAA7E,MAAA,CAAAsE,EAAA,MAAAA,EAAA,2BAAAG,EAAA,QAAAL,EAAA,aAAAG,IAAA;AAAA,SAAAvB,gBAAAD,GAAA,QAAAa,KAAA,CAAAkB,OAAA,CAAA/B,GAAA,UAAAA,GAAA;AAEnD,IAAMgC,OAAO,GAAG,SAAVA,OAAOA,CAAA,EAAS;EACpB,IAAAC,SAAA,GAAgC,IAAAC,eAAQ,EAAC;MACvCC,KAAK,EAAE,mBAAmB;MAC1BC,SAAS,EAAE,mBAAmB;MAC9BC,eAAe,EAAE,mBAAmB;MACpCC,WAAW,EAAE,mBAAmB;MAChCC,aAAa,EAAE,mBAAmB;MAClCC,cAAc,EAAE,mBAAmB;MACnCC,KAAK,EAAE,mBAAmB;MAC1BC,YAAY,EAAE;IAChB,CAAC,CAAC;IAAAC,UAAA,GAAA5C,cAAA,CAAAkC,SAAA;IATKW,QAAQ,GAAAD,UAAA;IAAEE,WAAW,GAAAF,UAAA;EAW5B,IAAAG,gBAAS,EAAC,YAAM;IACd,IAAMC,MAAM,GAAGC,YAAY,CAACC,OAAO,CAAC,QAAQ,CAAC;IAC7C,IAAMC,KAAK,GAAGF,YAAY,CAACC,OAAO,CAAC,UAAU,CAAC;IAE9CE,KAAK,+BAAAC,MAAA,CAA+BL,MAAM,GAAI;MAC5CM,MAAM,EAAE,KAAK;MACbC,OAAO,EAAE;QACP,eAAe,EAAE,SAAS,GAAGJ;MAC/B;IACF,CAAC,CAAC,CACDK,IAAI,CAAC,UAAAC,QAAQ,EAAI;MAAsC;MACtD,IAAI,CAACA,QAAQ,CAACC,EAAE,EAAE;QAChB,MAAM,IAAIC,KAAK,CAAC,6BAA6B,CAAC;MAChD;MACA,OAAOF,QAAQ,CAACG,IAAI,CAAC,CAAC;IACxB,CAAC,CAAC,CACDJ,IAAI,CAAC,UAAAK,IAAI,EAAI;MACZf,WAAW,CAAC,UAAAgB,SAAS;QAAA,OAAAxF,aAAA,CAAAA,aAAA,KAChBwF,SAAS,GACTD,IAAI;MAAA,CACP,CAAC;IACL,CAAC,CAAC,CAEDE,KAAK,CAAC,UAACC,KAAK,EAAK;MAAuC;MACvDC,OAAO,CAACD,KAAK,CAAC,QAAQ,EAAEA,KAAK,CAAC,CAAC,CAAwB;MACvDE,MAAM,CAACC,QAAQ,CAACC,IAAI,GAAG,QAAQ,CAAC,CAAuB;MACvDnB,YAAY,CAACoB,UAAU,CAAC,UAAU,CAAC,CAAC,CAAmB;MACvDpB,YAAY,CAACoB,UAAU,CAAC,QAAQ,CAAC,CAAC,CAAqB;MACvDH,MAAM,CAACC,QAAQ,CAACC,IAAI,GAAG,QAAQ,CAAC,CAAuB;MACvDE,KAAK,CAAC,2CAA2C,CAAC;IACpD,CAAC,CAAC;EAEJ,CAAC,EAAE,EAAE,CAAC;EAEN,IAAMC,MAAM,GAAG;IACbC,IAAI,EAAE;MACJC,UAAU,EAAE,yBAAyB;MACrCC,SAAS,EAAE,QAAQ;MACnBC,KAAK,EAAE;IACT,CAAC;IACDC,SAAS,EAAE;MACTC,KAAK,EAAE,GAAG;MACVC,MAAM,EAAE,mBAAmB;MAC3BC,MAAM,EAAE,mBAAmB;MAC3BC,YAAY,EAAE,CAAC;MACfC,eAAe,EAAE,SAAS;MAC1BC,QAAQ,EAAE;IACZ,CAAC;IACDC,EAAE,EAAE;MACFR,KAAK,EAAE,SAAS;MAChBS,OAAO,EAAE,EAAE;MACXX,UAAU,EAAE,uBAAuB;MACnCY,QAAQ,EAAE;IACZ,CAAC;IACDC,EAAE,EAAE;MACFX,KAAK,EAAE,SAAS;MAChBF,UAAU,EAAE;IACd,CAAC;IACDc,CAAC,EAAE;MACDZ,KAAK,EAAE,SAAS;MAChBU,QAAQ,EAAE;IACZ,CAAC;IACDG,SAAS,EAAE;MACTV,MAAM,EAAE,EAAE;MACVM,OAAO,EAAE,EAAE;MACXH,eAAe,EAAE,SAAS;MAC1BD,YAAY,EAAE;IAChB,CAAC;IACDS,WAAW,EAAE;MACXX,MAAM,EAAE,EAAE;MACVM,OAAO,EAAE,EAAE;MACXT,KAAK,EAAE,SAAS;MAChBU,QAAQ,EAAE;IACZ,CAAC;IACDK,UAAU,EAAE;MACVR,QAAQ,EAAE,UAAU;MACpBS,GAAG,EAAE,EAAE;MACPN,QAAQ,EAAE,KAAK;MACfV,KAAK,EAAE,SAAS;MAChBiB,cAAc,EAAE;IAClB;EACF,CAAC;EAED,oBACE3J,MAAA,CAAAW,OAAA,CAAAiJ,aAAA;IAAKC,KAAK,EAAEvB,MAAM,CAACC;EAAK,gBACtBvI,MAAA,CAAAW,OAAA,CAAAiJ,aAAA;IAAKC,KAAK,EAAEvB,MAAM,CAACK;EAAU,gBAC3B3I,MAAA,CAAAW,OAAA,CAAAiJ,aAAA;IAAIC,KAAK,EAAEvB,MAAM,CAACY;EAAG,GAAC,oBAAsB,CACzC,CAAC,eACNlJ,MAAA,CAAAW,OAAA,CAAAiJ,aAAA;IAAKC,KAAK,EAAEvB,MAAM,CAACK;EAAU,gBAC3B3I,MAAA,CAAAW,OAAA,CAAAiJ,aAAA;IAAKC,KAAK,EAAEvB,MAAM,CAACiB;EAAU,gBAC3BvJ,MAAA,CAAAW,OAAA,CAAAiJ,aAAA;IAAIC,KAAK,EAAEvB,MAAM,CAACe;EAAG,GAAC,kBAAoB,CAAC,eAC3CrJ,MAAA,CAAAW,OAAA,CAAAiJ,aAAA;IAAGC,KAAK,EAAEvB,MAAM,CAACgB;EAAE,gBAACtJ,MAAA,CAAAW,OAAA,CAAAiJ,aAAA;IAAQC,KAAK,EAAE;MAACnB,KAAK,EAAE;IAAS;EAAE,GAAC,QAAc,CAAC,KAAC,EAAC9B,QAAQ,CAACT,KAAS,CAAC,eAC3FnG,MAAA,CAAAW,OAAA,CAAAiJ,aAAA;IAAGC,KAAK,EAAEvB,MAAM,CAACgB;EAAE,gBAACtJ,MAAA,CAAAW,OAAA,CAAAiJ,aAAA;IAAQC,KAAK,EAAE;MAACnB,KAAK,EAAE;IAAS;EAAE,GAAC,YAAkB,CAAC,KAAC,EAAC9B,QAAQ,CAACR,SAAa,CAAC,eACnGpG,MAAA,CAAAW,OAAA,CAAAiJ,aAAA;IAAGC,KAAK,EAAEvB,MAAM,CAACgB;EAAE,gBAACtJ,MAAA,CAAAW,OAAA,CAAAiJ,aAAA;IAAQC,KAAK,EAAE;MAACnB,KAAK,EAAE;IAAS;EAAE,GAAC,kBAAwB,CAAC,KAAC,EAAC9B,QAAQ,CAACP,eAAmB,CAAC,eAC/GrG,MAAA,CAAAW,OAAA,CAAAiJ,aAAA;IAAGC,KAAK,EAAEvB,MAAM,CAACgB;EAAE,gBAACtJ,MAAA,CAAAW,OAAA,CAAAiJ,aAAA;IAAQC,KAAK,EAAE;MAACnB,KAAK,EAAE;IAAS;EAAE,GAAC,cAAoB,CAAC,KAAC,EAAC9B,QAAQ,CAACN,WAAe,CACnG,CAAC,eACNtG,MAAA,CAAAW,OAAA,CAAAiJ,aAAA;IAAKC,KAAK,EAAEvB,MAAM,CAACiB;EAAU,gBAC3BvJ,MAAA,CAAAW,OAAA,CAAAiJ,aAAA;IAAIC,KAAK,EAAEvB,MAAM,CAACe;EAAG,GAAC,YAAc,CAAC,eACrCrJ,MAAA,CAAAW,OAAA,CAAAiJ,aAAA;IAAGC,KAAK,EAAEvB,MAAM,CAACgB;EAAE,gBAACtJ,MAAA,CAAAW,OAAA,CAAAiJ,aAAA;IAAQC,KAAK,EAAE;MAACnB,KAAK,EAAE;IAAS;EAAE,GAAC,gBAAsB,CAAC,KAAC,EAAC9B,QAAQ,CAACL,aAAiB,CAAC,eAC3GvG,MAAA,CAAAW,OAAA,CAAAiJ,aAAA;IAAGC,KAAK,EAAEvB,MAAM,CAACgB;EAAE,gBAACtJ,MAAA,CAAAW,OAAA,CAAAiJ,aAAA;IAAQC,KAAK,EAAE;MAACnB,KAAK,EAAE;IAAS;EAAE,GAAC,iBAAuB,CAAC,KAAC,EAAC9B,QAAQ,CAACJ,cAAkB,CAAC,eAC7GxG,MAAA,CAAAW,OAAA,CAAAiJ,aAAA;IAAGC,KAAK,EAAEvB,MAAM,CAACgB;EAAE,gBAACtJ,MAAA,CAAAW,OAAA,CAAAiJ,aAAA;IAAQC,KAAK,EAAE;MAACnB,KAAK,EAAE;IAAS;EAAE,GAAC,QAAc,CAAC,KAAC,EAAC9B,QAAQ,CAACH,KAAS,CAAC,eAC3FzG,MAAA,CAAAW,OAAA,CAAAiJ,aAAA;IAAGC,KAAK,EAAEvB,MAAM,CAACgB;EAAE,gBAACtJ,MAAA,CAAAW,OAAA,CAAAiJ,aAAA;IAAQC,KAAK,EAAE;MAACnB,KAAK,EAAE;IAAS;EAAE,GAAC,eAAqB,CAAC,KAAC,EAAC9B,QAAQ,CAACF,YAAgB,CACrG,CAAC,eACN1G,MAAA,CAAAW,OAAA,CAAAiJ,aAAA;IAAKC,KAAK,EAAEvB,MAAM,CAACkB;EAAY,gBAC7BxJ,MAAA,CAAAW,OAAA,CAAAiJ,aAAA,YAAG,oJAAqJ,CAAC,eACzJ5J,MAAA,CAAAW,OAAA,CAAAiJ,aAAA,YAAG,4EAA6E,CAC7E,CACF,CACF,CAAC;AAEV,CAAC;AAAA,IAAAE,QAAA,GAEc9D,OAAO;AAAA+D,OAAA,CAAApJ,OAAA,GAAAmJ,QAAA"},"_coverageSchema":"1a1c01bbd47fc00a2c39e90264f33305004495a9","hash":"33921c4a87fb75551c5235ba95b92fdc623cbade","contentHash":"08f76920158fdd98134c146f17b8df41fde6c1c3dbaa3df86165289ea190da68"},"C:\\react-microcoin\\src\\tests\\Faq.spec.js":{"path":"C:\\react-microcoin\\src\\tests\\Faq.spec.js","statementMap":{"0":{"start":{"line":3,"column":13},"end":{"line":3,"column":53}},"1":{"start":{"line":4,"column":14},"end":{"line":4,"column":31}},"2":{"start":{"line":5,"column":11},"end":{"line":5,"column":68}},"3":{"start":{"line":6,"column":13},"end":{"line":6,"column":29}},"4":{"start":{"line":7,"column":12},"end":{"line":7,"column":27}},"5":{"start":{"line":8,"column":39},"end":{"line":8,"column":93}},"6":{"start":{"line":9,"column":13},"end":{"line":9,"column":74}},"7":{"start":{"line":10,"column":11},"end":{"line":10,"column":24}},"8":{"start":{"line":11,"column":0},"end":{"line":11,"column":23}},"9":{"start":{"line":12,"column":0},"end":{"line":12,"column":34}},"10":{"start":{"line":13,"column":0},"end":{"line":15,"column":2}},"11":{"start":{"line":16,"column":0},"end":{"line":39,"column":3}},"12":{"start":{"line":17,"column":2},"end":{"line":20,"column":5}},"13":{"start":{"line":18,"column":18},"end":{"line":18,"column":100}},"14":{"start":{"line":19,"column":4},"end":{"line":19,"column":51}},"15":{"start":{"line":21,"column":2},"end":{"line":25,"column":5}},"16":{"start":{"line":22,"column":18},"end":{"line":22,"column":100}},"17":{"start":{"line":23,"column":20},"end":{"line":23,"column":38}},"18":{"start":{"line":24,"column":4},"end":{"line":24,"column":53}},"19":{"start":{"line":26,"column":2},"end":{"line":38,"column":5}},"20":{"start":{"line":27,"column":18},"end":{"line":27,"column":100}},"21":{"start":{"line":28,"column":24},"end":{"line":28,"column":50}},"22":{"start":{"line":29,"column":17},"end":{"line":29,"column":42}},"23":{"start":{"line":30,"column":4},"end":{"line":30,"column":69}},"24":{"start":{"line":31,"column":4},"end":{"line":31,"column":36}},"25":{"start":{"line":33,"column":39},"end":{"line":33,"column":64}},"26":{"start":{"line":34,"column":4},"end":{"line":34,"column":92}},"27":{"start":{"line":35,"column":4},"end":{"line":35,"column":36}},"28":{"start":{"line":36,"column":40},"end":{"line":36,"column":65}},"29":{"start":{"line":37,"column":4},"end":{"line":37,"column":92}}},"fnMap":{"0":{"name":"_interopRequireDefault","decl":{"start":{"line":8,"column":9},"end":{"line":8,"column":31}},"loc":{"start":{"line":8,"column":37},"end":{"line":8,"column":95}},"line":8},"1":{"name":"(anonymous_1)","decl":{"start":{"line":16,"column":16},"end":{"line":16,"column":17}},"loc":{"start":{"line":16,"column":28},"end":{"line":39,"column":1}},"line":16},"2":{"name":"(anonymous_2)","decl":{"start":{"line":17,"column":33},"end":{"line":17,"column":34}},"loc":{"start":{"line":17,"column":45},"end":{"line":20,"column":3}},"line":17},"3":{"name":"(anonymous_3)","decl":{"start":{"line":21,"column":34},"end":{"line":21,"column":35}},"loc":{"start":{"line":21,"column":46},"end":{"line":25,"column":3}},"line":21},"4":{"name":"(anonymous_4)","decl":{"start":{"line":26,"column":65},"end":{"line":26,"column":66}},"loc":{"start":{"line":26,"column":77},"end":{"line":38,"column":3}},"line":26}},"branchMap":{"0":{"loc":{"start":{"line":8,"column":46},"end":{"line":8,"column":92}},"type":"cond-expr","locations":[{"start":{"line":8,"column":70},"end":{"line":8,"column":73}},{"start":{"line":8,"column":76},"end":{"line":8,"column":92}}],"line":8},"1":{"loc":{"start":{"line":8,"column":46},"end":{"line":8,"column":67}},"type":"binary-expr","locations":[{"start":{"line":8,"column":46},"end":{"line":8,"column":49}},{"start":{"line":8,"column":53},"end":{"line":8,"column":67}}],"line":8}},"s":{"0":1,"1":1,"2":1,"3":1,"4":1,"5":2,"6":1,"7":1,"8":1,"9":1,"10":1,"11":1,"12":1,"13":1,"14":1,"15":1,"16":1,"17":1,"18":1,"19":1,"20":1,"21":1,"22":1,"23":1,"24":1,"25":1,"26":1,"27":1,"28":1,"29":1},"f":{"0":2,"1":1,"2":1,"3":1,"4":1},"b":{"0":[1,1],"1":[2,2]},"inputSourceMap":{"version":3,"names":["_react","_interopRequireDefault","require","_enzyme","_Faq","_jsdom","_chai","obj","__esModule","default","_JSDOM","JSDOM","window","global","document","navigator","userAgent","describe","it","wrapper","mount","createElement","expect","exists","to","be","true","questions","find","length","equal","firstQuestion","first","answer","prop","display","simulate","updatedAnswerAfterFirstClick","updatedAnswerAfterSecondClick"],"sourceRoot":"C:\\react-microcoin\\src\\tests\\","sources":["Faq.spec.js"],"sourcesContent":["import React from 'react';\r\nimport { mount } from 'enzyme';\r\nimport Faq from '../components/User/Faq';\r\nimport { JSDOM } from 'jsdom';\r\nimport { expect } from 'chai';\r\n\r\n\r\nconst { window } = new JSDOM('<!doctype html><html><body></body></html>');\r\n\r\nglobal.window = window;\r\nglobal.document = window.document;\r\nglobal.navigator = {\r\n  userAgent: 'node.js',\r\n};\r\n\r\ndescribe('Faq', () => {\r\n  it('renders without crashing', () => {\r\n    const wrapper = mount(<Faq />);\r\n    expect(wrapper.exists()).to.be.true;\r\n  });\r\n\r\n  it('renders the FAQ questions', () => {\r\n    const wrapper = mount(<Faq />);\r\n    const questions = wrapper.find('h2');\r\n    expect(questions.length).to.equal(21);\r\n  });\r\n\r\n  it('toggles the answer visibility when a question is clicked', () => {\r\n    const wrapper = mount(<Faq />);\r\n    const firstQuestion = wrapper.find('h2').first();\r\n    const answer = wrapper.find('p').first();\r\n\r\n    expect(answer.prop('style').display).to.equal('none');\r\n    firstQuestion.simulate('click');\r\n    // In case the 'style' object changes after the click you might want to access the updated wrapper\r\n    const updatedAnswerAfterFirstClick = wrapper.find('p').first();\r\n    expect(updatedAnswerAfterFirstClick.prop('style').display).to.equal('block');\r\n    firstQuestion.simulate('click');\r\n    const updatedAnswerAfterSecondClick = wrapper.find('p').first();\r\n    expect(updatedAnswerAfterSecondClick.prop('style').display).to.equal('none');\r\n  });\r\n});"],"mappings":";;AAAA,IAAAA,MAAA,GAAAC,sBAAA,CAAAC,OAAA;AACA,IAAAC,OAAA,GAAAD,OAAA;AACA,IAAAE,IAAA,GAAAH,sBAAA,CAAAC,OAAA;AACA,IAAAG,MAAA,GAAAH,OAAA;AACA,IAAAI,KAAA,GAAAJ,OAAA;AAA8B,SAAAD,uBAAAM,GAAA,WAAAA,GAAA,IAAAA,GAAA,CAAAC,UAAA,GAAAD,GAAA,KAAAE,OAAA,EAAAF,GAAA;AAG9B,IAAAG,MAAA,GAAmB,IAAIC,YAAK,CAAC,2CAA2C,CAAC;EAAjEC,MAAM,GAAAF,MAAA,CAANE,MAAM;AAEdC,MAAM,CAACD,MAAM,GAAGA,MAAM;AACtBC,MAAM,CAACC,QAAQ,GAAGF,MAAM,CAACE,QAAQ;AACjCD,MAAM,CAACE,SAAS,GAAG;EACjBC,SAAS,EAAE;AACb,CAAC;AAEDC,QAAQ,CAAC,KAAK,EAAE,YAAM;EACpBC,EAAE,CAAC,0BAA0B,EAAE,YAAM;IACnC,IAAMC,OAAO,GAAG,IAAAC,aAAK,gBAACpB,MAAA,CAAAS,OAAA,CAAAY,aAAA,CAACjB,IAAA,CAAAK,OAAG,MAAE,CAAC,CAAC;IAC9B,IAAAa,YAAM,EAACH,OAAO,CAACI,MAAM,CAAC,CAAC,CAAC,CAACC,EAAE,CAACC,EAAE,CAACC,IAAI;EACrC,CAAC,CAAC;EAEFR,EAAE,CAAC,2BAA2B,EAAE,YAAM;IACpC,IAAMC,OAAO,GAAG,IAAAC,aAAK,gBAACpB,MAAA,CAAAS,OAAA,CAAAY,aAAA,CAACjB,IAAA,CAAAK,OAAG,MAAE,CAAC,CAAC;IAC9B,IAAMkB,SAAS,GAAGR,OAAO,CAACS,IAAI,CAAC,IAAI,CAAC;IACpC,IAAAN,YAAM,EAACK,SAAS,CAACE,MAAM,CAAC,CAACL,EAAE,CAACM,KAAK,CAAC,EAAE,CAAC;EACvC,CAAC,CAAC;EAEFZ,EAAE,CAAC,0DAA0D,EAAE,YAAM;IACnE,IAAMC,OAAO,GAAG,IAAAC,aAAK,gBAACpB,MAAA,CAAAS,OAAA,CAAAY,aAAA,CAACjB,IAAA,CAAAK,OAAG,MAAE,CAAC,CAAC;IAC9B,IAAMsB,aAAa,GAAGZ,OAAO,CAACS,IAAI,CAAC,IAAI,CAAC,CAACI,KAAK,CAAC,CAAC;IAChD,IAAMC,MAAM,GAAGd,OAAO,CAACS,IAAI,CAAC,GAAG,CAAC,CAACI,KAAK,CAAC,CAAC;IAExC,IAAAV,YAAM,EAACW,MAAM,CAACC,IAAI,CAAC,OAAO,CAAC,CAACC,OAAO,CAAC,CAACX,EAAE,CAACM,KAAK,CAAC,MAAM,CAAC;IACrDC,aAAa,CAACK,QAAQ,CAAC,OAAO,CAAC;IAC/B;IACA,IAAMC,4BAA4B,GAAGlB,OAAO,CAACS,IAAI,CAAC,GAAG,CAAC,CAACI,KAAK,CAAC,CAAC;IAC9D,IAAAV,YAAM,EAACe,4BAA4B,CAACH,IAAI,CAAC,OAAO,CAAC,CAACC,OAAO,CAAC,CAACX,EAAE,CAACM,KAAK,CAAC,OAAO,CAAC;IAC5EC,aAAa,CAACK,QAAQ,CAAC,OAAO,CAAC;IAC/B,IAAME,6BAA6B,GAAGnB,OAAO,CAACS,IAAI,CAAC,GAAG,CAAC,CAACI,KAAK,CAAC,CAAC;IAC/D,IAAAV,YAAM,EAACgB,6BAA6B,CAACJ,IAAI,CAAC,OAAO,CAAC,CAACC,OAAO,CAAC,CAACX,EAAE,CAACM,KAAK,CAAC,MAAM,CAAC;EAC9E,CAAC,CAAC;AACJ,CAAC,CAAC"},"_coverageSchema":"1a1c01bbd47fc00a2c39e90264f33305004495a9","hash":"ac47f645a3d348c42867101c8440e8a9b2f2a070","contentHash":"880f5b9343830a41c96daef36b9f9527b9c23893ad02dc0928d3e0107b054db2"},"C:\\react-microcoin\\src\\components\\User\\Faq.jsx":{"path":"C:\\react-microcoin\\src\\components\\User\\Faq.jsx","statementMap":{"0":{"start":{"line":3,"column":51},"end":{"line":3,"column":334}},"1":{"start":{"line":3,"column":153},"end":{"line":3,"column":171}},"2":{"start":{"line":3,"column":193},"end":{"line":3,"column":317}},"3":{"start":{"line":4,"column":0},"end":{"line":6,"column":3}},"4":{"start":{"line":7,"column":0},"end":{"line":7,"column":25}},"5":{"start":{"line":8,"column":13},"end":{"line":8,"column":54}},"6":{"start":{"line":9,"column":49},"end":{"line":9,"column":96}},"7":{"start":{"line":9,"column":84},"end":{"line":9,"column":96}},"8":{"start":{"line":9,"column":121},"end":{"line":9,"column":134}},"9":{"start":{"line":9,"column":159},"end":{"line":9,"column":172}},"10":{"start":{"line":9,"column":174},"end":{"line":9,"column":333}},"11":{"start":{"line":9,"column":258},"end":{"line":9,"column":316}},"12":{"start":{"line":10,"column":53},"end":{"line":10,"column":111}},"13":{"start":{"line":10,"column":98},"end":{"line":10,"column":109}},"14":{"start":{"line":10,"column":112},"end":{"line":10,"column":216}},"15":{"start":{"line":10,"column":190},"end":{"line":10,"column":214}},"16":{"start":{"line":10,"column":229},"end":{"line":10,"column":266}},"17":{"start":{"line":10,"column":268},"end":{"line":10,"column":323}},"18":{"start":{"line":10,"column":299},"end":{"line":10,"column":321}},"19":{"start":{"line":10,"column":337},"end":{"line":10,"column":339}},"20":{"start":{"line":10,"column":369},"end":{"line":10,"column":425}},"21":{"start":{"line":10,"column":427},"end":{"line":10,"column":728}},"22":{"start":{"line":10,"column":450},"end":{"line":10,"column":726}},"23":{"start":{"line":10,"column":536},"end":{"line":10,"column":608}},"24":{"start":{"line":10,"column":610},"end":{"line":10,"column":724}},"25":{"start":{"line":10,"column":648},"end":{"line":10,"column":689}},"26":{"start":{"line":10,"column":699},"end":{"line":10,"column":722}},"27":{"start":{"line":10,"column":729},"end":{"line":10,"column":750}},"28":{"start":{"line":10,"column":751},"end":{"line":10,"column":789}},"29":{"start":{"line":10,"column":764},"end":{"line":10,"column":787}},"30":{"start":{"line":10,"column":790},"end":{"line":10,"column":804}},"31":{"start":{"line":11,"column":34},"end":{"line":11,"column":156}},"32":{"start":{"line":12,"column":30},"end":{"line":12,"column":191}},"33":{"start":{"line":13,"column":50},"end":{"line":13,"column":65}},"34":{"start":{"line":13,"column":58},"end":{"line":13,"column":65}},"35":{"start":{"line":13,"column":66},"end":{"line":13,"column":129}},"36":{"start":{"line":13,"column":93},"end":{"line":13,"column":129}},"37":{"start":{"line":13,"column":138},"end":{"line":13,"column":184}},"38":{"start":{"line":13,"column":186},"end":{"line":13,"column":246}},"39":{"start":{"line":13,"column":223},"end":{"line":13,"column":246}},"40":{"start":{"line":13,"column":247},"end":{"line":13,"column":300}},"41":{"start":{"line":13,"column":279},"end":{"line":13,"column":300}},"42":{"start":{"line":13,"column":301},"end":{"line":13,"column":414}},"43":{"start":{"line":13,"column":378},"end":{"line":13,"column":414}},"44":{"start":{"line":14,"column":39},"end":{"line":14,"column":93}},"45":{"start":{"line":14,"column":76},"end":{"line":14,"column":93}},"46":{"start":{"line":14,"column":94},"end":{"line":14,"column":164}},"47":{"start":{"line":14,"column":107},"end":{"line":14,"column":108}},"48":{"start":{"line":14,"column":117},"end":{"line":14,"column":131}},"49":{"start":{"line":14,"column":147},"end":{"line":14,"column":164}},"50":{"start":{"line":14,"column":165},"end":{"line":14,"column":177}},"51":{"start":{"line":15,"column":50},"end":{"line":15,"column":144}},"52":{"start":{"line":15,"column":146},"end":{"line":15,"column":586}},"53":{"start":{"line":15,"column":191},"end":{"line":15,"column":193}},"54":{"start":{"line":15,"column":200},"end":{"line":15,"column":202}},"55":{"start":{"line":15,"column":209},"end":{"line":15,"column":211}},"56":{"start":{"line":15,"column":213},"end":{"line":15,"column":571}},"57":{"start":{"line":15,"column":219},"end":{"line":15,"column":405}},"58":{"start":{"line":15,"column":265},"end":{"line":15,"column":295}},"59":{"start":{"line":15,"column":288},"end":{"line":15,"column":295}},"60":{"start":{"line":15,"column":296},"end":{"line":15,"column":304}},"61":{"start":{"line":15,"column":312},"end":{"line":15,"column":405}},"62":{"start":{"line":15,"column":422},"end":{"line":15,"column":440}},"63":{"start":{"line":15,"column":453},"end":{"line":15,"column":569}},"64":{"start":{"line":15,"column":459},"end":{"line":15,"column":537}},"65":{"start":{"line":15,"column":530},"end":{"line":15,"column":537}},"66":{"start":{"line":15,"column":550},"end":{"line":15,"column":567}},"67":{"start":{"line":15,"column":558},"end":{"line":15,"column":567}},"68":{"start":{"line":15,"column":572},"end":{"line":15,"column":584}},"69":{"start":{"line":16,"column":32},"end":{"line":16,"column":67}},"70":{"start":{"line":16,"column":56},"end":{"line":16,"column":67}},"71":{"start":{"line":17,"column":10},"end":{"line":150,"column":1}},"72":{"start":{"line":18,"column":18},"end":{"line":18,"column":44}},"73":{"start":{"line":19,"column":17},"end":{"line":19,"column":45}},"74":{"start":{"line":20,"column":15},"end":{"line":20,"column":28}},"75":{"start":{"line":21,"column":18},"end":{"line":21,"column":31}},"76":{"start":{"line":22,"column":15},"end":{"line":51,"column":3}},"77":{"start":{"line":33,"column":6},"end":{"line":43,"column":8}},"78":{"start":{"line":46,"column":6},"end":{"line":49,"column":8}},"79":{"start":{"line":52,"column":18},"end":{"line":136,"column":4}},"80":{"start":{"line":137,"column":2},"end":{"line":149,"column":6}},"81":{"start":{"line":140,"column":4},"end":{"line":148,"column":18}},"82":{"start":{"line":144,"column":8},"end":{"line":144,"column":60}},"83":{"start":{"line":151,"column":15},"end":{"line":151,"column":18}},"84":{"start":{"line":152,"column":0},"end":{"line":152,"column":27}}},"fnMap":{"0":{"name":"_typeof","decl":{"start":{"line":3,"column":9},"end":{"line":3,"column":16}},"loc":{"start":{"line":3,"column":22},"end":{"line":3,"column":336}},"line":3},"1":{"name":"(anonymous_1)","decl":{"start":{"line":3,"column":136},"end":{"line":3,"column":137}},"loc":{"start":{"line":3,"column":151},"end":{"line":3,"column":173}},"line":3},"2":{"name":"(anonymous_2)","decl":{"start":{"line":3,"column":176},"end":{"line":3,"column":177}},"loc":{"start":{"line":3,"column":191},"end":{"line":3,"column":319}},"line":3},"3":{"name":"_getRequireWildcardCache","decl":{"start":{"line":9,"column":9},"end":{"line":9,"column":33}},"loc":{"start":{"line":9,"column":47},"end":{"line":9,"column":335}},"line":9},"4":{"name":"_getRequireWildcardCache","decl":{"start":{"line":9,"column":218},"end":{"line":9,"column":242}},"loc":{"start":{"line":9,"column":256},"end":{"line":9,"column":318}},"line":9},"5":{"name":"_interopRequireWildcard","decl":{"start":{"line":10,"column":9},"end":{"line":10,"column":32}},"loc":{"start":{"line":10,"column":51},"end":{"line":10,"column":806}},"line":10},"6":{"name":"_slicedToArray","decl":{"start":{"line":11,"column":9},"end":{"line":11,"column":23}},"loc":{"start":{"line":11,"column":32},"end":{"line":11,"column":158}},"line":11},"7":{"name":"_nonIterableRest","decl":{"start":{"line":12,"column":9},"end":{"line":12,"column":25}},"loc":{"start":{"line":12,"column":28},"end":{"line":12,"column":193}},"line":12},"8":{"name":"_unsupportedIterableToArray","decl":{"start":{"line":13,"column":9},"end":{"line":13,"column":36}},"loc":{"start":{"line":13,"column":48},"end":{"line":13,"column":416}},"line":13},"9":{"name":"_arrayLikeToArray","decl":{"start":{"line":14,"column":9},"end":{"line":14,"column":26}},"loc":{"start":{"line":14,"column":37},"end":{"line":14,"column":179}},"line":14},"10":{"name":"_iterableToArrayLimit","decl":{"start":{"line":15,"column":9},"end":{"line":15,"column":30}},"loc":{"start":{"line":15,"column":39},"end":{"line":15,"column":588}},"line":15},"11":{"name":"_arrayWithHoles","decl":{"start":{"line":16,"column":9},"end":{"line":16,"column":24}},"loc":{"start":{"line":16,"column":30},"end":{"line":16,"column":69}},"line":16},"12":{"name":"Faq","decl":{"start":{"line":17,"column":19},"end":{"line":17,"column":22}},"loc":{"start":{"line":17,"column":25},"end":{"line":150,"column":1}},"line":17},"13":{"name":"faqBlock","decl":{"start":{"line":32,"column":23},"end":{"line":32,"column":31}},"loc":{"start":{"line":32,"column":40},"end":{"line":44,"column":5}},"line":32},"14":{"name":"faqBlockP","decl":{"start":{"line":45,"column":24},"end":{"line":45,"column":33}},"loc":{"start":{"line":45,"column":42},"end":{"line":50,"column":5}},"line":45},"15":{"name":"(anonymous_15)","decl":{"start":{"line":139,"column":92},"end":{"line":139,"column":93}},"loc":{"start":{"line":139,"column":105},"end":{"line":149,"column":3}},"line":139},"16":{"name":"onClick","decl":{"start":{"line":143,"column":24},"end":{"line":143,"column":31}},"loc":{"start":{"line":143,"column":34},"end":{"line":145,"column":7}},"line":143}},"branchMap":{"0":{"loc":{"start":{"line":3,"column":68},"end":{"line":3,"column":319}},"type":"cond-expr","locations":[{"start":{"line":3,"column":136},"end":{"line":3,"column":173}},{"start":{"line":3,"column":176},"end":{"line":3,"column":319}}],"line":3},"1":{"loc":{"start":{"line":3,"column":68},"end":{"line":3,"column":133}},"type":"binary-expr","locations":[{"start":{"line":3,"column":68},"end":{"line":3,"column":95}},{"start":{"line":3,"column":99},"end":{"line":3,"column":133}}],"line":3},"2":{"loc":{"start":{"line":3,"column":200},"end":{"line":3,"column":316}},"type":"cond-expr","locations":[{"start":{"line":3,"column":295},"end":{"line":3,"column":303}},{"start":{"line":3,"column":306},"end":{"line":3,"column":316}}],"line":3},"3":{"loc":{"start":{"line":3,"column":200},"end":{"line":3,"column":292}},"type":"binary-expr","locations":[{"start":{"line":3,"column":200},"end":{"line":3,"column":203}},{"start":{"line":3,"column":207},"end":{"line":3,"column":234}},{"start":{"line":3,"column":238},"end":{"line":3,"column":264}},{"start":{"line":3,"column":268},"end":{"line":3,"column":292}}],"line":3},"4":{"loc":{"start":{"line":9,"column":49},"end":{"line":9,"column":96}},"type":"if","locations":[{"start":{"line":9,"column":49},"end":{"line":9,"column":96}},{"start":{"line":9,"column":49},"end":{"line":9,"column":96}}],"line":9},"5":{"loc":{"start":{"line":9,"column":265},"end":{"line":9,"column":315}},"type":"cond-expr","locations":[{"start":{"line":9,"column":279},"end":{"line":9,"column":295}},{"start":{"line":9,"column":298},"end":{"line":9,"column":315}}],"line":9},"6":{"loc":{"start":{"line":10,"column":53},"end":{"line":10,"column":111}},"type":"if","locations":[{"start":{"line":10,"column":53},"end":{"line":10,"column":111}},{"start":{"line":10,"column":53},"end":{"line":10,"column":111}}],"line":10},"7":{"loc":{"start":{"line":10,"column":57},"end":{"line":10,"column":94}},"type":"binary-expr","locations":[{"start":{"line":10,"column":57},"end":{"line":10,"column":69}},{"start":{"line":10,"column":73},"end":{"line":10,"column":76}},{"start":{"line":10,"column":80},"end":{"line":10,"column":94}}],"line":10},"8":{"loc":{"start":{"line":10,"column":112},"end":{"line":10,"column":216}},"type":"if","locations":[{"start":{"line":10,"column":112},"end":{"line":10,"column":216}},{"start":{"line":10,"column":112},"end":{"line":10,"column":216}}],"line":10},"9":{"loc":{"start":{"line":10,"column":116},"end":{"line":10,"column":186}},"type":"binary-expr","locations":[{"start":{"line":10,"column":116},"end":{"line":10,"column":128}},{"start":{"line":10,"column":132},"end":{"line":10,"column":157}},{"start":{"line":10,"column":161},"end":{"line":10,"column":186}}],"line":10},"10":{"loc":{"start":{"line":10,"column":268},"end":{"line":10,"column":323}},"type":"if","locations":[{"start":{"line":10,"column":268},"end":{"line":10,"column":323}},{"start":{"line":10,"column":268},"end":{"line":10,"column":323}}],"line":10},"11":{"loc":{"start":{"line":10,"column":272},"end":{"line":10,"column":295}},"type":"binary-expr","locations":[{"start":{"line":10,"column":272},"end":{"line":10,"column":277}},{"start":{"line":10,"column":281},"end":{"line":10,"column":295}}],"line":10},"12":{"loc":{"start":{"line":10,"column":369},"end":{"line":10,"column":425}},"type":"binary-expr","locations":[{"start":{"line":10,"column":369},"end":{"line":10,"column":390}},{"start":{"line":10,"column":394},"end":{"line":10,"column":425}}],"line":10},"13":{"loc":{"start":{"line":10,"column":450},"end":{"line":10,"column":726}},"type":"if","locations":[{"start":{"line":10,"column":450},"end":{"line":10,"column":726}},{"start":{"line":10,"column":450},"end":{"line":10,"column":726}}],"line":10},"14":{"loc":{"start":{"line":10,"column":454},"end":{"line":10,"column":521}},"type":"binary-expr","locations":[{"start":{"line":10,"column":454},"end":{"line":10,"column":471}},{"start":{"line":10,"column":475},"end":{"line":10,"column":521}}],"line":10},"15":{"loc":{"start":{"line":10,"column":536},"end":{"line":10,"column":608}},"type":"cond-expr","locations":[{"start":{"line":10,"column":560},"end":{"line":10,"column":601}},{"start":{"line":10,"column":604},"end":{"line":10,"column":608}}],"line":10},"16":{"loc":{"start":{"line":10,"column":610},"end":{"line":10,"column":724}},"type":"if","locations":[{"start":{"line":10,"column":610},"end":{"line":10,"column":724}},{"start":{"line":10,"column":610},"end":{"line":10,"column":724}}],"line":10},"17":{"loc":{"start":{"line":10,"column":614},"end":{"line":10,"column":644}},"type":"binary-expr","locations":[{"start":{"line":10,"column":614},"end":{"line":10,"column":618}},{"start":{"line":10,"column":623},"end":{"line":10,"column":631}},{"start":{"line":10,"column":635},"end":{"line":10,"column":643}}],"line":10},"18":{"loc":{"start":{"line":10,"column":751},"end":{"line":10,"column":789}},"type":"if","locations":[{"start":{"line":10,"column":751},"end":{"line":10,"column":789}},{"start":{"line":10,"column":751},"end":{"line":10,"column":789}}],"line":10},"19":{"loc":{"start":{"line":11,"column":41},"end":{"line":11,"column":155}},"type":"binary-expr","locations":[{"start":{"line":11,"column":41},"end":{"line":11,"column":61}},{"start":{"line":11,"column":65},"end":{"line":11,"column":94}},{"start":{"line":11,"column":98},"end":{"line":11,"column":133}},{"start":{"line":11,"column":137},"end":{"line":11,"column":155}}],"line":11},"20":{"loc":{"start":{"line":13,"column":50},"end":{"line":13,"column":65}},"type":"if","locations":[{"start":{"line":13,"column":50},"end":{"line":13,"column":65}},{"start":{"line":13,"column":50},"end":{"line":13,"column":65}}],"line":13},"21":{"loc":{"start":{"line":13,"column":66},"end":{"line":13,"column":129}},"type":"if","locations":[{"start":{"line":13,"column":66},"end":{"line":13,"column":129}},{"start":{"line":13,"column":66},"end":{"line":13,"column":129}}],"line":13},"22":{"loc":{"start":{"line":13,"column":186},"end":{"line":13,"column":246}},"type":"if","locations":[{"start":{"line":13,"column":186},"end":{"line":13,"column":246}},{"start":{"line":13,"column":186},"end":{"line":13,"column":246}}],"line":13},"23":{"loc":{"start":{"line":13,"column":190},"end":{"line":13,
[...]
2}},"type":"binary-expr","locations":[{"start":{"line":3,"column":200},"end":{"line":3,"column":203}},{"start":{"line":3,"column":207},"end":{"line":3,"column":234}},{"start":{"line":3,"column":238},"end":{"line":3,"column":264}},{"start":{"line":3,"column":268},"end":{"line":3,"column":292}}],"line":3},"4":{"loc":{"start":{"line":9,"column":49},"end":{"line":9,"column":96}},"type":"if","locations":[{"start":{"line":9,"column":49},"end":{"line":9,"column":96}},{"start":{"line":9,"column":49},"end":{"line":9,"column":96}}],"line":9},"5":{"loc":{"start":{"line":9,"column":265},"end":{"line":9,"column":315}},"type":"cond-expr","locations":[{"start":{"line":9,"column":279},"end":{"line":9,"column":295}},{"start":{"line":9,"column":298},"end":{"line":9,"column":315}}],"line":9},"6":{"loc":{"start":{"line":10,"column":53},"end":{"line":10,"column":111}},"type":"if","locations":[{"start":{"line":10,"column":53},"end":{"line":10,"column":111}},{"start":{"line":10,"column":53},"end":{"line":10,"column":111}}],"line":10},"7":{"loc":{"start":{"line":10,"column":57},"end":{"line":10,"column":94}},"type":"binary-expr","locations":[{"start":{"line":10,"column":57},"end":{"line":10,"column":69}},{"start":{"line":10,"column":73},"end":{"line":10,"column":76}},{"start":{"line":10,"column":80},"end":{"line":10,"column":94}}],"line":10},"8":{"loc":{"start":{"line":10,"column":112},"end":{"line":10,"column":216}},"type":"if","locations":[{"start":{"line":10,"column":112},"end":{"line":10,"column":216}},{"start":{"line":10,"column":112},"end":{"line":10,"column":216}}],"line":10},"9":{"loc":{"start":{"line":10,"column":116},"end":{"line":10,"column":186}},"type":"binary-expr","locations":[{"start":{"line":10,"column":116},"end":{"line":10,"column":128}},{"start":{"line":10,"column":132},"end":{"line":10,"column":157}},{"start":{"line":10,"column":161},"end":{"line":10,"column":186}}],"line":10},"10":{"loc":{"start":{"line":10,"column":268},"end":{"line":10,"column":323}},"type":"if","locations":[{"start":{"line":10,"column":268},"end":{"line":10,"column":323}},{"start":{"line":10,"column":268},"end":{"line":10,"column":323}}],"line":10},"11":{"loc":{"start":{"line":10,"column":272},"end":{"line":10,"column":295}},"type":"binary-expr","locations":[{"start":{"line":10,"column":272},"end":{"line":10,"column":277}},{"start":{"line":10,"column":281},"end":{"line":10,"column":295}}],"line":10},"12":{"loc":{"start":{"line":10,"column":369},"end":{"line":10,"column":425}},"type":"binary-expr","locations":[{"start":{"line":10,"column":369},"end":{"line":10,"column":390}},{"start":{"line":10,"column":394},"end":{"line":10,"column":425}}],"line":10},"13":{"loc":{"start":{"line":10,"column":450},"end":{"line":10,"column":726}},"type":"if","locations":[{"start":{"line":10,"column":450},"end":{"line":10,"column":726}},{"start":{"line":10,"column":450},"end":{"line":10,"column":726}}],"line":10},"14":{"loc":{"start":{"line":10,"column":454},"end":{"line":10,"column":521}},"type":"binary-expr","locations":[{"start":{"line":10,"column":454},"end":{"line":10,"column":471}},{"start":{"line":10,"column":475},"end":{"line":10,"column":521}}],"line":10},"15":{"loc":{"start":{"line":10,"column":536},"end":{"line":10,"column":608}},"type":"cond-expr","locations":[{"start":{"line":10,"column":560},"end":{"line":10,"column":601}},{"start":{"line":10,"column":604},"end":{"line":10,"column":608}}],"line":10},"16":{"loc":{"start":{"line":10,"column":610},"end":{"line":10,"column":724}},"type":"if","locations":[{"start":{"line":10,"column":610},"end":{"line":10,"column":724}},{"start":{"line":10,"column":610},"end":{"line":10,"column":724}}],"line":10},"17":{"loc":{"start":{"line":10,"column":614},"end":{"line":10,"column":644}},"type":"binary-expr","locations":[{"start":{"line":10,"column":614},"end":{"line":10,"column":618}},{"start":{"line":10,"column":623},"end":{"line":10,"column":631}},{"start":{"line":10,"column":635},"end":{"line":10,"column":643}}],"line":10},"18":{"loc":{"start":{"line":10,"column":751},"end":{"line":10,"column":789}},"type":"if","locations":[{"start":{"line":10,"column":751},"end":{"line":10,"column":789}},{"start":{"line":10,"column":751},"end":{"line":10,"column":789}}],"line":10},"19":{"loc":{"start":{"line":11,"column":41},"end":{"line":11,"column":155}},"type":"binary-expr","locations":[{"start":{"line":11,"column":41},"end":{"line":11,"column":61}},{"start":{"line":11,"column":65},"end":{"line":11,"column":94}},{"start":{"line":11,"column":98},"end":{"line":11,"column":133}},{"start":{"line":11,"column":137},"end":{"line":11,"column":155}}],"line":11},"20":{"loc":{"start":{"line":13,"column":50},"end":{"line":13,"column":65}},"type":"if","locations":[{"start":{"line":13,"column":50},"end":{"line":13,"column":65}},{"start":{"line":13,"column":50},"end":{"line":13,"column":65}}],"line":13},"21":{"loc":{"start":{"line":13,"column":66},"end":{"line":13,"column":129}},"type":"if","locations":[{"start":{"line":13,"column":66},"end":{"line":13,"column":129}},{"start":{"line":13,"column":66},"end":{"line":13,"column":129}}],"line":13},"22":{"loc":{"start":{"line":13,"column":186},"end":{"line":13,"column":246}},"type":"if","locations":[{"start":{"line":13,"column":186},"end":{"line":13,"column":246}},{"start":{"line":13,"column":186},"end":{"line":13,"column":246}}],"line":13},"23":{"loc":{"start":{"line":13,"column":190},"end":{"line":13,"column":221}},"type":"binary-expr","locations":[{"start":{"line":13,"column":190},"end":{"line":13,"column":204}},{"start":{"line":13,"column":208},"end":{"line":13,"column":221}}],"line":13},"24":{"loc":{"start":{"line":13,"column":247},"end":{"line":13,"column":300}},"type":"if","locations":[{"start":{"line":13,"column":247},"end":{"line":13,"column":300}},{"start":{"line":13,"column":247},"end":{"line":13,"column":300}}],"line":13},"25":{"loc":{"start":{"line":13,"column":251},"end":{"line":13,"column":277}},"type":"binary-expr","locations":[{"start":{"line":13,"column":251},"end":{"line":13,"column":262}},{"start":{"line":13,"column":266},"end":{"line":13,"column":277}}],"line":13},"26":{"loc":{"start":{"line":13,"column":301},"end":{"line":13,"column":414}},"type":"if","locations":[{"start":{"line":13,"column":301},"end":{"line":13,"column":414}},{"start":{"line":13,"column":301},"end":{"line":13,"column":414}}],"line":13},"27":{"loc":{"start":{"line":13,"column":305},"end":{"line":13,"column":376}},"type":"binary-expr","locations":[{"start":{"line":13,"column":305},"end":{"line":13,"column":322}},{"start":{"line":13,"column":326},"end":{"line":13,"column":376}}],"line":13},"28":{"loc":{"start":{"line":14,"column":39},"end":{"line":14,"column":93}},"type":"if","locations":[{"start":{"line":14,"column":39},"end":{"line":14,"column":93}},{"start":{"line":14,"column":39},"end":{"line":14,"column":93}}],"line":14},"29":{"loc":{"start":{"line":14,"column":43},"end":{"line":14,"column":74}},"type":"binary-expr","locations":[{"start":{"line":14,"column":43},"end":{"line":14,"column":54}},{"start":{"line":14,"column":58},"end":{"line":14,"column":74}}],"line":14},"30":{"loc":{"start":{"line":15,"column":50},"end":{"line":15,"column":144}},"type":"cond-expr","locations":[{"start":{"line":15,"column":64},"end":{"line":15,"column":68}},{"start":{"line":15,"column":71},"end":{"line":15,"column":144}}],"line":15},"31":{"loc":{"start":{"line":15,"column":71},"end":{"line":15,"column":144}},"type":"binary-expr","locations":[{"start":{"line":15,"column":71},"end":{"line":15,"column":99}},{"start":{"line":15,"column":103},"end":{"line":15,"column":123}},{"start":{"line":15,"column":127},"end":{"line":15,"column":144}}],"line":15},"32":{"loc":{"start":{"line":15,"column":146},"end":{"line":15,"column":586}},"type":"if","locations":[{"start":{"line":15,"column":146},"end":{"line":15,"column":586}},{"start":{"line":15,"column":146},"end":{"line":15,"column":586}}],"line":15},"33":{"loc":{"start":{"line":15,"column":219},"end":{"line":15,"column":405}},"type":"if","locations":[{"start":{"line":15,"column":219},"end":{"line":15,"column":405}},{"start":{"line":15,"column":219},"end":{"line":15,"column":405}}],"line":15},"34":{"loc":{"start":{"line":15,"column":265},"end":{"line":15,"column":295}},"type":"if","locations":[{"start":{"line":15,"column":265},"end":{"line":15,"column":295}},{"start":{"line":15,"column":265},"end":{"line":15,"column":295}}],"line":15},"35":{"loc":{"start":{"line":15,"column":319},"end":{"line":15,"column":394}},"type":"binary-expr","locations":[{"start":{"line":15,"column":319},"end":{"line":15,"column":350}},{"start":{"line":15,"column":355},"end":{"line":15,"column":393}}],"line":15},"36":{"loc":{"start":{"line":15,"column":459},"end":{"line":15,"column":537}},"type":"if","locations":[{"start":{"line":15,"column":459},"end":{"line":15,"column":537}},{"start":{"line":15,"column":459},"end":{"line":15,"column":537}}],"line":15},"37":{"loc":{"start":{"line":15,"column":463},"end":{"line":15,"column":528}},"type":"binary-expr","locations":[{"start":{"line":15,"column":463},"end":{"line":15,"column":466}},{"start":{"line":15,"column":470},"end":{"line":15,"column":487}},{"start":{"line":15,"column":492},"end":{"line":15,"column":527}}],"line":15},"38":{"loc":{"start":{"line":15,"column":550},"end":{"line":15,"column":567}},"type":"if","locations":[{"start":{"line":15,"column":550},"end":{"line":15,"column":567}},{"start":{"line":15,"column":550},"end":{"line":15,"column":567}}],"line":15},"39":{"loc":{"start":{"line":16,"column":32},"end":{"line":16,"column":67}},"type":"if","locations":[{"start":{"line":16,"column":32},"end":{"line":16,"column":67}},{"start":{"line":16,"column":32},"end":{"line":16,"column":67}}],"line":16},"40":{"loc":{"start":{"line":75,"column":2},"end":{"line":78,"column":3}},"type":"if","locations":[{"start":{"line":75,"column":2},"end":{"line":78,"column":3}},{"start":{"line":75,"column":2},"end":{"line":78,"column":3}}],"line":75}},"s":{"0":1,"1":1,"2":0,"3":1,"4":1,"5":1,"6":1,"7":0,"8":1,"9":1,"10":1,"11":1,"12":1,"13":0,"14":1,"15":0,"16":1,"17":1,"18":0,"19":1,"20":1,"21":1,"22":28,"23":28,"24":28,"25":0,"26":28,"27":1,"28":1,"29":1,"30":1,"31":4,"32":0,"33":0,"34":0,"35":0,"36":0,"37":0,"38":0,"39":0,"40":0,"41":0,"42":0,"43":0,"44":0,"45":0,"46":0,"47":0,"48":0,"49":0,"50":0,"51":0,"52":0,"53":0,"54":0,"55":0,"56":0,"57":0,"58":0,"59":0,"60":0,"61":0,"62":0,"63":0,"64":0,"65":0,"66":0,"67":0,"68":0,"69":4,"70":4,"71":1,"72":4,"73":4,"74":4,"75":4,"76":4,"77":4,"78":3,"79":1,"80":1,"81":3,"82":3,"83":4,"84":4,"85":4,"86":4,"87":1,"88":1},"f":{"0":1,"1":1,"2":0,"3":1,"4":1,"5":1,"6":4,"7":0,"8":0,"9":0,"10":0,"11":4,"12":4,"13":3,"14":1,"15":1,"16":3},"b":{"0":[1,0],"1":[1,1],"2":[0,0],"3":[0,0,0,0],"4":[0,1],"5":[0,1],"6":[0,1],"7":[1,1,1],"8":[0,1],"9":[1,1,0],"10":[0,1],"11":[1,1],"12":[1,1],"13":[28,0],"14":[28,28],"15":[28,0],"16":[0,28],"17":[28,28,28],"18":[1,0],"19":[4,0,0,0],"20":[0,0],"21":[0,0],"22":[0,0],"23":[0,0],"24":[0,0],"25":[0,0],"26":[0,0],"27":[0,0],"28":[0,0],"29":[0,0],"30":[0,0],"31":[0,0,0],"32":[0,0],"33":[0,0],"34":[0,0],"35":[0,0],"36":[0,0],"37":[0,0,0],"38":[0,0],"39":[4,0],"40":[0,4]},"inputSourceMap":{"version":3,"names":["_react","_interopRequireWildcard","require","_getRequireWildcardCache","nodeInterop","WeakMap","cacheBabelInterop","cacheNodeInterop","obj","__esModule","_typeof","default","cache","has","get","newObj","hasPropertyDescriptor","Object","defineProperty","getOwnPropertyDescriptor","key","prototype","hasOwnProperty","call","desc","set","_slicedToArray","arr","i","_arrayWithHoles","_iterableToArrayLimit","_unsupportedIterableToArray","_nonIterableRest","TypeError","o","minLen","_arrayLikeToArray","n","toString","slice","constructor","name","Array","from","test","len","length","arr2","_i","Symbol","iterator","_s","_e","_x","_r","_arr","_n","_d","next","done","push","value","err","return","isArray","WaitingRoom","_useState","useState","_useState2","countdown","setCountdown","styles","body","color","fontFamily","textAlign","container","width","margin","border","padding","borderRadius","backgroundColor","container2","height","h1","fontSize","textShadow","p","timer","h2","useEffect","setInterval","prevCountdown","clearInterval","minutes","String","Math","floor","padStart","seconds","window","location","href","createElement","style","id","concat","_default","exports"],"sourceRoot":"C:\\react-microcoin\\src\\components\\User\\","sources":["WaitingRoom.jsx"],"sourcesContent":["import React, { useState, useEffect } from 'react';\r\n\r\nconst WaitingRoom = () => {\r\n  const [countdown, setCountdown] = useState(3 * 60);\r\n\r\n  const styles = {\r\n    body: {\r\n      color: '#FFD700',\r\n      fontFamily: \"'Roboto', sans-serif\",\r\n      textAlign: 'center'\r\n    },\r\n    container: {\r\n      width: '600px',\r\n      margin: 'auto auto auto 400px',\r\n      border: '1px solid #7289DA',\r\n      padding: '20px',\r\n      borderRadius: '20px',\r\n      backgroundColor: '#2C2F33'\r\n    },\r\n    container2: {\r\n      width: '600px',\r\n      height: '210px',\r\n      margin: '10px auto auto 400px',\r\n      border: '1px solid #7289DA',\r\n      padding: '20px',\r\n      borderRadius: '20px',\r\n      backgroundColor: '#2C2F33'\r\n    },\r\n    h1: {\r\n      padding: '20px',\r\n      fontSize: '3em',\r\n      fontFamily: \"'Roboto Slab', serif\",\r\n      textShadow: '2px 2px 4px #000000'\r\n    },\r\n    p: {\r\n      padding: '10px',\r\n      fontSize: '1.2em'\r\n    },\r\n    timer: {\r\n      fontSize: '3em'\r\n    },\r\n    h2: {\r\n      padding: '10px',\r\n      fontSize: '2em'\r\n    }\r\n  };\r\n\r\n  useEffect(() => {\r\n    const timer = setInterval(() => {\r\n      setCountdown((prevCountdown) => prevCountdown - 1);\r\n    }, 1000);\r\n\r\n    return () => clearInterval(timer);\r\n  }, []);\r\n\r\n  const minutes = String(Math.floor(countdown / 60)).padStart(2, '0');\r\n  const seconds = String(countdown % 60).padStart(2, '0');\r\n\r\n  if (countdown <= 0) {                                                     // istanbul ignore next\r\n    window.location.href = '/';\r\n  }\r\n\r\n  return (\r\n    <div style={styles.body}>\r\n      <div style={styles.container}>\r\n        <h1 style={styles.h1}>Micro Coin Verification</h1>\r\n        <p style={styles.p}>\r\n            Please send a picture of the first page of your passport, \r\n            your face, and a piece of white paper with the inscription \r\n            \"Only for microcoin\" to \r\n            <a href=\"mailto:admin.micro.coin@gmail.com\">admin.micro.coin@gmail.com</a>. \r\n            The inscription can be made in any way, for example, watermark or on the phone. \r\n            All this should be in one photo.\r\n        </p>\r\n      </div>\r\n      <div style={styles.container2}>\r\n        <h2 style={styles.h2}>You will be redirected in:</h2>\r\n        <p id=\"timer\" style={styles.timer}>{`${minutes}:${seconds}`}</p>\r\n      </div>\r\n    </div>\r\n  );\r\n};\r\n\r\nexport default WaitingRoom;\r\n"],"mappings":";;;;;;;AAAA,IAAAA,MAAA,GAAAC,uBAAA,CAAAC,OAAA;AAAmD,SAAAC,yBAAAC,WAAA,eAAAC,OAAA,kCAAAC,iBAAA,OAAAD,OAAA,QAAAE,gBAAA,OAAAF,OAAA,YAAAF,wBAAA,YAAAA,yBAAAC,WAAA,WAAAA,WAAA,GAAAG,gBAAA,GAAAD,iBAAA,KAAAF,WAAA;AAAA,SAAAH,wBAAAO,GAAA,EAAAJ,WAAA,SAAAA,WAAA,IAAAI,GAAA,IAAAA,GAAA,CAAAC,UAAA,WAAAD,GAAA,QAAAA,GAAA,aAAAE,OAAA,CAAAF,GAAA,yBAAAA,GAAA,4BAAAG,OAAA,EAAAH,GAAA,UAAAI,KAAA,GAAAT,wBAAA,CAAAC,WAAA,OAAAQ,KAAA,IAAAA,KAAA,CAAAC,GAAA,CAAAL,GAAA,YAAAI,KAAA,CAAAE,GAAA,CAAAN,GAAA,SAAAO,MAAA,WAAAC,qBAAA,GAAAC,MAAA,CAAAC,cAAA,IAAAD,MAAA,CAAAE,wBAAA,WAAAC,GAAA,IAAAZ,GAAA,QAAAY,GAAA,kBAAAH,MAAA,CAAAI,SAAA,CAAAC,cAAA,CAAAC,IAAA,CAAAf,GAAA,EAAAY,GAAA,SAAAI,IAAA,GAAAR,qBAAA,GAAAC,MAAA,CAAAE,wBAAA,CAAAX,GAAA,EAAAY,GAAA,cAAAI,IAAA,KAAAA,IAAA,CAAAV,GAAA,IAAAU,IAAA,CAAAC,GAAA,KAAAR,MAAA,CAAAC,cAAA,CAAAH,MAAA,EAAAK,GAAA,EAAAI,IAAA,YAAAT,MAAA,CAAAK,GAAA,IAAAZ,GAAA,CAAAY,GAAA,SAAAL,MAAA,CAAAJ,OAAA,GAAAH,GAAA,MAAAI,KAAA,IAAAA,KAAA,CAAAa,GAAA,CAAAjB,GAAA,EAAAO,MAAA,YAAAA,MAAA;AAAA,SAAAW,eAAAC,GAAA,EAAAC,CAAA,WAAAC,eAAA,CAAAF,GAAA,KAAAG,qBAAA,CAAAH,GAAA,EAAAC,CAAA,KAAAG,2BAAA,CAAAJ,GAAA,EAAAC,CAAA,KAAAI,gBAAA;AAAA,SAAAA,iBAAA,cAAAC,SAAA;AAAA,SAAAF,4BAAAG,CAAA,EAAAC,MAAA,SAAAD,CAAA,qBAAAA,CAAA,sBAAAE,iBAAA,CAAAF,CAAA,EAAAC,MAAA,OAAAE,CAAA,GAAApB,MAAA,CAAAI,SAAA,CAAAiB,QAAA,CAAAf,IAAA,CAAAW,CAAA,EAAAK,KAAA,aAAAF,CAAA,iBAAAH,CAAA,CAAAM,WAAA,EAAAH,CAAA,GAAAH,CAAA,CAAAM,WAAA,CAAAC,IAAA,MAAAJ,CAAA,cAAAA,CAAA,mBAAAK,KAAA,CAAAC,IAAA,CAAAT,CAAA,OAAAG,CAAA,+DAAAO,IAAA,CAAAP,CAAA,UAAAD,iBAAA,CAAAF,CAAA,EAAAC,MAAA;AAAA,SAAAC,kBAAAT,GAAA,EAAAkB,GAAA,QAAAA,GAAA,YAAAA,GAAA,GAAAlB,GAAA,CAAAmB,MAAA,EAAAD,GAAA,GAAAlB,GAAA,CAAAmB,MAAA,WAAAlB,CAAA,MAAAmB,IAAA,OAAAL,KAAA,CAAAG,GAAA,GAAAjB,CAAA,GAAAiB,GAAA,EAAAjB,CAAA,IAAAmB,IAAA,CAAAnB,CAAA,IAAAD,GAAA,CAAAC,CAAA,UAAAmB,IAAA;AAAA,SAAAjB,sBAAAH,GAAA,EAAAC,CAAA,QAAAoB,EAAA,WAAArB,GAAA,gCAAAsB,MAAA,IAAAtB,GAAA,CAAAsB,MAAA,CAAAC,QAAA,KAAAvB,GAAA,4BAAAqB,EAAA,QAAAG,EAAA,EAAAC,EAAA,EAAAC,EAAA,EAAAC,EAAA,EAAAC,IAAA,OAAAC,EAAA,OAAAC,EAAA,iBAAAJ,EAAA,IAAAL,EAAA,GAAAA,EAAA,CAAAzB,IAAA,CAAAI,GAAA,GAAA+B,IAAA,QAAA9B,CAAA,QAAAX,MAAA,CAAA+B,EAAA,MAAAA,EAAA,UAAAQ,EAAA,uBAAAA,EAAA,IAAAL,EAAA,GAAAE,EAAA,CAAA9B,IAAA,CAAAyB,EAAA,GAAAW,IAAA,MAAAJ,IAAA,CAAAK,IAAA,CAAAT,EAAA,CAAAU,KAAA,GAAAN,IAAA,CAAAT,MAAA,KAAAlB,CAAA,GAAA4B,EAAA,iBAAAM,GAAA,IAAAL,EAAA,OAAAL,EAAA,GAAAU,GAAA,yBAAAN,EAAA,YAAAR,EAAA,CAAAe,MAAA,KAAAT,EAAA,GAAAN,EAAA,CAAAe,MAAA,IAAA9C,MAAA,CAAAqC,EAAA,MAAAA,EAAA,2BAAAG,EAAA,QAAAL,EAAA,aAAAG,IAAA;AAAA,SAAA1B,gBAAAF,GAAA,QAAAe,KAAA,CAAAsB,OAAA,CAAArC,GAAA,UAAAA,GAAA;AAEnD,IAAMsC,WAAW,GAAG,SAAdA,WAAWA,CAAA,EAAS;EACxB,IAAAC,SAAA,GAAkC,IAAAC,eAAQ,EAAC,CAAC,GAAG,EAAE,CAAC;IAAAC,UAAA,GAAA1C,cAAA,CAAAwC,SAAA;IAA3CG,SAAS,GAAAD,UAAA;IAAEE,YAAY,GAAAF,UAAA;EAE9B,IAAMG,MAAM,GAAG;IACbC,IAAI,EAAE;MACJC,KAAK,EAAE,SAAS;MAChBC,UAAU,EAAE,sBAAsB;MAClCC,SAAS,EAAE;IACb,CAAC;IACDC,SAAS,EAAE;MACTC,KAAK,EAAE,OAAO;MACdC,MAAM,EAAE,sBAAsB;MAC9BC,MAAM,EAAE,mBAAmB;MAC3BC,OAAO,EAAE,MAAM;MACfC,YAAY,EAAE,MAAM;MACpBC,eAAe,EAAE;IACnB,CAAC;IACDC,UAAU,EAAE;MACVN,KAAK,EAAE,OAAO;MACdO,MAAM,EAAE,OAAO;MACfN,MAAM,EAAE,sBAAsB;MAC9BC,MAAM,EAAE,mBAAmB;MAC3BC,OAAO,EAAE,MAAM;MACfC,YAAY,EAAE,MAAM;MACpBC,eAAe,EAAE;IACnB,CAAC;IACDG,EAAE,EAAE;MACFL,OAAO,EAAE,MAAM;MACfM,QAAQ,EAAE,KAAK;MACfZ,UAAU,EAAE,sBAAsB;MAClCa,UAAU,EAAE;IACd,CAAC;IACDC,CAAC,EAAE;MACDR,OAAO,EAAE,MAAM;MACfM,QAAQ,EAAE;IACZ,CAAC;IACDG,KAAK,EAAE;MACLH,QAAQ,EAAE;IACZ,CAAC;IACDI,EAAE,EAAE;MACFV,OAAO,EAAE,MAAM;MACfM,QAAQ,EAAE;IACZ;EACF,CAAC;EAED,IAAAK,gBAAS,EAAC,YAAM;IACd,IAAMF,KAAK,GAAGG,WAAW,CAAC,YAAM;MAC9BtB,YAAY,CAAC,UAACuB,aAAa;QAAA,OAAKA,aAAa,GAAG,CAAC;MAAA,EAAC;IACpD,CAAC,EAAE,IAAI,CAAC;IAER,OAAO;MAAA,OAAMC,aAAa,CAACL,KAAK,CAAC;IAAA;EACnC,CAAC,EAAE,EAAE,CAAC;EAEN,IAAMM,OAAO,GAAGC,MAAM,CAACC,IAAI,CAACC,KAAK,CAAC7B,SAAS,GAAG,EAAE,CAAC,CAAC,CAAC8B,QAAQ,CAAC,CAAC,EAAE,GAAG,CAAC;EACnE,IAAMC,OAAO,GAAGJ,MAAM,CAAC3B,SAAS,GAAG,EAAE,CAAC,CAAC8B,QAAQ,CAAC,CAAC,EAAE,GAAG,CAAC;EAEvD,IAAI9B,SAAS,IAAI,CAAC,EAAE;IAAsD;IACxEgC,MAAM,CAACC,QAAQ,CAACC,IAAI,GAAG,GAAG;EAC5B;EAEA,oBACEvG,MAAA,CAAAW,OAAA,CAAA6F,aAAA;IAAKC,KAAK,EAAElC,MAAM,CAACC;EAAK,gBACtBxE,MAAA,CAAAW,OAAA,CAAA6F,aAAA;IAAKC,KAAK,EAAElC,MAAM,CAACK;EAAU,gBAC3B5E,MAAA,CAAAW,OAAA,CAAA6F,aAAA;IAAIC,KAAK,EAAElC,MAAM,CAACc;EAAG,GAAC,yBAA2B,CAAC,eAClDrF,MAAA,CAAAW,OAAA,CAAA6F,aAAA;IAAGC,KAAK,EAAElC,MAAM,CAACiB;EAAE,GAAC,gJAIhB,eAAAxF,MAAA,CAAAW,OAAA,CAAA6F,aAAA;IAAGD,IAAI,EAAC;EAAmC,GAAC,4BAA6B,CAAC,sHAG3E,CACA,CAAC,eACNvG,MAAA,CAAAW,OAAA,CAAA6F,aAAA;IAAKC,KAAK,EAAElC,MAAM,CAACY;EAAW,gBAC5BnF,MAAA,CAAAW,OAAA,CAAA6F,aAAA;IAAIC,KAAK,EAAElC,MAAM,CAACmB;EAAG,GAAC,4BAA8B,CAAC,eACrD1F,MAAA,CAAAW,OAAA,CAAA6F,aAAA;IAAGE,EAAE,EAAC,OAAO;IAACD,KAAK,EAAElC,MAAM,CAACkB;EAAM,MAAAkB,MAAA,CAAKZ,OAAO,OAAAY,MAAA,CAAIP,OAAO,CAAM,CAC5D,CACF,CAAC;AAEV,CAAC;AAAC,IAAAQ,QAAA,GAEa3C,WAAW;AAAA4C,OAAA,CAAAlG,OAAA,GAAAiG,QAAA"},"_coverageSchema":"1a1c01bbd47fc00a2c39e90264f33305004495a9","hash":"a7953cd50d21ef75f06826530feaed7dd1da3bbf","contentHash":"c4bc3367aebbf6bc580468a67dbd3e9fdc6f8155f2668a3815f2c89e9e50f032"}}